ID = 172.17.0.6start time = 1588190207.470422 seconds ---
ID = a  number = 49--youtube
ID = aend: 49--youtube
ID = a  number = 36--youtube
ID = aend: 36--youtube
ID = a  number = 36--netflix
ID = aend: 36--netflix
ID = a  number = 7--youtube
ID = aend: 7--youtube
ID = a  number = 6--youtube
ID = aend: 6--youtube
ID = a  number = 43--netflix
ID = aend: 43--netflix
ID = a  number = 38--youtube
ID = aend: 38--youtube
ID = a  number = 0--youtube
ID = aend: 0--youtube
ID = a  number = 0--netflix
ID = aend: 0--netflix
ID = a  number = 41--youtube
ID = aend: 41--youtube
ID = a  number = 35--youtube
ID = aend: 35--youtube
ID = a  number = 34--netflix
ID = aend: 34--netflix
ID = a  number = 34--youtube
ID = aend: 34--youtube
ID = a  number = 35--youtube
ID = aend: 35--youtube
ID = a  number = 17--netflix
ID = aend: 17--netflix
ID = a  number = 28--youtube
ID = aend: 28--youtube
ID = a  number = 47--youtube
ID = aend: 47--youtube
ID = a  number = 43--netflix
ID = aend: 43--netflix
ID = a  number = 39--youtube
ID = aend: 39--youtube
ID = a  number = 11--youtube
ID = aend: 11--youtube
ID = a  number = 0--netflix
ID = aend: 0--netflix
ID = a  number = 14--youtube
ID = aend: 14--youtube
ID = a  number = 37--youtube
ID = aend: 37--youtube
ID = a  number = 48--netflix
ID = aend: 48--netflix
ID = a  number = 13--youtube
ID = aend: 13--youtube
ID = a  number = 1--youtube
ID = aend: 1--youtube
ID = a  number = 38--netflix
ID = aend: 38--netflix
ID = a  number = 50--youtube
ID = aend: 50--youtube
ID = a  number = 40--youtube
ID = aend: 40--youtube
ID = a  number = 3--netflix
ID = aend: 3--netflix
ID = a  number = 40--youtube
ID = aend: 40--youtube
ID = a  number = 35--youtube
ID = aend: 35--youtube
ID = a  number = 33--netflix
ID = aend: 33--netflix
ID = a  number = 6--youtube
ID = aend: 6--youtube
ID = a  number = 3--youtube
ID = aend: 3--youtube
ID = a  number = 3--netflix
ID = aend: 3--netflix
ID = a  number = 25--youtube
ID = aend: 25--youtube
ID = a  number = 45--youtube
ID = aend: 45--youtube
ID = a  number = 30--netflix
ID = aend: 30--netflix
ID = a  number = 33--youtube
ID = aend: 33--youtube
ID = a  number = 10--youtube
ID = aend: 10--youtube
ID = a  number = 4--netflix
ID = aend: 4--netflix
ID = a  number = 50--youtube
ID = aend: 50--youtube
ID = a  number = 20--youtube
ID = aend: 20--youtube
ID = a  number = 20--netflix
ID = aend: 20--netflix
ID = a  number = 38--youtube
ID = aend: 38--youtube
ID = a  number = 41--youtube
ID = aend: 41--youtube
ID = a  number = 2--netflix
ID = aend: 2--netflix
ID = a  number = 4--youtube
ID = aend: 4--youtube
ID = a  number = 43--youtube
ID = aend: 43--youtube
ID = a  number = 29--netflix
ID = aend: 29--netflix
ID = a  number = 8--youtube
ID = aend: 8--youtube
ID = a  number = 40--youtube
ID = aend: 40--youtube
ID = a  number = 27--netflix
ID = aend: 27--netflix
ID = a  number = 28--youtube
ID = aend: 28--youtube
ID = a  number = 34--youtube
ID = aend: 34--youtube
ID = a  number = 28--netflix
ID = aend: 28--netflix
ID = a  number = 37--youtube
ID = aend: 37--youtube
ID = a  number = 27--youtube
ID = aend: 27--youtube
ID = a  number = 2--netflix
ID = aend: 2--netflix
ID = a  number = 25--youtube
ID = aend: 25--youtube
ID = a  number = 32--youtube
ID = aend: 32--youtube
ID = a  number = 7--netflix
ID = aend: 7--netflix
ID = a  number = 10--youtube
ID = aend: 10--youtube
ID = a  number = 10--youtube
ID = aend: 10--youtube
ID = a  number = 22--netflix
ID = aend: 22--netflix
ID = a  number = 44--youtube
ID = aend: 44--youtube
ID = a  number = 4--youtube
ID = aend: 4--youtube
ID = a  number = 6--netflix
ID = aend: 6--netflix
ID = a  number = 5--youtube
ID = aend: 5--youtube
ID = a  number = 8--youtube
ID = aend: 8--youtube
ID = a  number = 32--netflix
ID = aend: 32--netflix
ID = a  number = 13--youtube
ID = aend: 13--youtube
ID = a  number = 11--youtube
ID = aend: 11--youtube
ID = a  number = 35--netflix
ID = aend: 35--netflix
ID = a  number = 0--youtube
ID = aend: 0--youtube
ID = a  number = 37--youtube
ID = aend: 37--youtube
ID = a  number = 27--netflix
ID = aend: 27--netflix
ID = a  number = 19--youtube
ID = aend: 19--youtube
ID = a  number = 34--youtube
ID = aend: 34--youtube
ID = a  number = 11--netflix
ID = aend: 11--netflix
ID = a  number = 37--youtube
ID = aend: 37--youtube
ID = a  number = 26--youtube
ID = aend: 26--youtube
ID = a  number = 1--netflix
ID = aend: 1--netflix
ID = a  number = 16--youtube
ID = aend: 16--youtube
ID = a  number = 17--youtube
ID = aend: 17--youtube
ID = a  number = 16--netflix
ID = aend: 16--netflix
ID = a  number = 8--youtube
ID = aend: 8--youtube
ID = a  number = 15--youtube
ID = aend: 15--youtube
ID = a  number = 27--netflix
ID = aend: 27--netflix
ID = a  number = 32--youtube
ID = aend: 32--youtube
ID = a  number = 1--youtube
ID = aend: 1--youtube
ID = a  number = 24--netflix
ID = aend: 24--netflix
ID = a  number = 24--youtube
ID = aend: 24--youtube
ID = a  number = 3--youtube
ID = aend: 3--youtube
ID = a  number = 16--netflix
ID = aend: 16--netflix
ID = a  number = 35--youtube
ID = aend: 35--youtube
ID = a  number = 48--youtube
ID = aend: 48--youtube
ID = a  number = 5--netflix
ID = aend: 5--netflix
ID = a  number = 45--youtube
ID = aend: 45--youtube
ID = a  number = 41--youtube
ID = aend: 41--youtube
ID = a  number = 12--netflix
ID = aend: 12--netflix
ID = a  number = 10--youtube
ID = aend: 10--youtube
ID = a  number = 6--youtube
ID = aend: 6--youtube
ID = a  number = 49--netflix
ID = aend: 49--netflix
ID = a  number = 13--youtube
ID = aend: 13--youtube
ID = a  number = 18--youtube
ID = aend: 18--youtube
ID = a  number = 14--netflix
ID = aend: 14--netflix
ID = a  number = 26--youtube
ID = aend: 26--youtube
ID = a  number = 39--youtube
ID = aend: 39--youtube
ID = a  number = 45--netflix
ID = aend: 45--netflix
ID = a  number = 37--youtube
ID = aend: 37--youtube
ID = a  number = 4--youtube
ID = aend: 4--youtube
ID = a  number = 0--netflix
ID = aend: 0--netflix
ID = a  number = 45--youtube
ID = aend: 45--youtube
ID = a  number = 28--youtube
ID = aend: 28--youtube
ID = a  number = 3--netflix
ID = aend: 3--netflix
ID = a  number = 44--youtube
ID = aend: 44--youtube
ID = a  number = 20--youtube
ID = aend: 20--youtube
ID = a  number = 24--netflix
ID = aend: 24--netflix
ID = a  number = 32--youtube
ID = aend: 32--youtube
ID = a  number = 10--youtube
ID = aend: 10--youtube
ID = a  number = 26--netflix
ID = aend: 26--netflix
ID = a  number = 16--youtube
ID = aend: 16--youtube
ID = a  number = 23--youtube
ID = aend: 23--youtube
ID = a  number = 40--netflix
ID = aend: 40--netflix
ID = a  number = 29--youtube
ID = aend: 29--youtube
ID = a  number = 50--youtube
ID = aend: 50--youtube
ID = a  number = 37--netflix
ID = aend: 37--netflix
ID = a  number = 17--youtube
ID = aend: 17--youtube
ID = a  number = 28--youtube
ID = aend: 28--youtube
ID = a  number = 24--netflix
ID = aend: 24--netflix
ID = a  number = 25--youtube
ID = aend: 25--youtube
ID = a  number = 37--youtube
ID = aend: 37--youtube
ID = a  number = 32--netflix
ID = aend: 32--netflix
ID = a  number = 28--youtube
ID = aend: 28--youtube
ID = a  number = 45--youtube
ID = aend: 45--youtube
ID = a  number = 29--netflix
ID = aend: 29--netflix
ID = a  number = 24--youtube
ID = aend: 24--youtube
ID = a  number = 44--youtube
ID = aend: 44--youtube
ID = a  number = 14--netflix
ID = aend: 14--netflix
ID = a  number = 36--youtube
ID = aend: 36--youtube
ID = a  number = 36--youtube
ID = aend: 36--youtube
ID = a  number = 15--netflix
ID = aend: 15--netflix
ID = a  number = 14--youtube
ID = aend: 14--youtube
ID = a  number = 18--youtube
ID = aend: 18--youtube
ID = a  number = 18--netflix
ID = aend: 18--netflix
ID = a  number = 33--youtube
ID = aend: 33--youtube
ID = a  number = 28--youtube
ID = aend: 28--youtube
ID = a  number = 45--netflix
ID = aend: 45--netflix
ID = 172.17.0.6--- 3617.4126648902893 seconds ---
ID = 172.17.0.6start time = 1588193371.7116868 seconds ---
ID = a  number = 18--youtube
ID = aend: 18--youtube
ID = a  number = 41--youtube
ID = aend: 41--youtube
ID = a  number = 23--netflix
ID = aend: 23--netflix
ID = a  number = 43--youtube
ID = aend: 43--youtube
ID = a  number = 10--youtube
ID = aend: 10--youtube
ID = a  number = 23--netflix
ID = aend: 23--netflix
ID = a  number = 15--youtube
ID = aend: 15--youtube
ID = a  number = 13--youtube
ID = aend: 13--youtube
ID = a  number = 38--netflix
ID = aend: 38--netflix
ID = a  number = 3--youtube
ID = aend: 3--youtube
ID = a  number = 22--youtube
ID = aend: 22--youtube
ID = a  number = 47--netflix
ID = aend: 47--netflix
ID = a  number = 21--youtube
ID = aend: 21--youtube
ID = a  number = 17--youtube
ID = aend: 17--youtube
ID = a  number = 27--netflix
ID = aend: 27--netflix
ID = a  number = 46--youtube
ID = aend: 46--youtube
ID = a  number = 28--youtube
ID = aend: 28--youtube
ID = a  number = 13--netflix
ID = aend: 13--netflix
ID = a  number = 44--youtube
ID = aend: 44--youtube
ID = a  number = 22--youtube
ID = aend: 22--youtube
ID = a  number = 3--netflix
ID = aend: 3--netflix
ID = a  number = 25--youtube
ID = aend: 25--youtube
ID = a  number = 3--youtube
ID = aend: 3--youtube
ID = a  number = 24--netflix
ID = aend: 24--netflix
ID = a  number = 29--youtube
ID = aend: 29--youtube
ID = a  number = 17--youtube
ID = aend: 17--youtube
ID = a  number = 18--netflix
ID = aend: 18--netflix
ID = a  number = 46--youtube
ID = aend: 46--youtube
ID = a  number = 41--youtube
ID = aend: 41--youtube
ID = a  number = 40--netflix
ID = aend: 40--netflix
ID = a  number = 19--youtube
ID = aend: 19--youtube
ID = a  number = 12--youtube
ID = aend: 12--youtube
ID = a  number = 9--netflix
ID = aend: 9--netflix
ID = a  number = 40--youtube
ID = aend: 40--youtube
ID = a  number = 24--youtube
ID = aend: 24--youtube
ID = a  number = 29--netflix
ID = aend: 29--netflix
ID = a  number = 19--youtube
ID = aend: 19--youtube
ID = a  number = 38--youtube
ID = aend: 38--youtube
ID = a  number = 18--netflix
ID = aend: 18--netflix
ID = a  number = 19--youtube
ID = aend: 19--youtube
ID = a  number = 35--youtube
ID = aend: 35--youtube
ID = a  number = 12--netflix
ID = aend: 12--netflix
ID = a  number = 42--youtube
ID = aend: 42--youtube
ID = a  number = 43--youtube
ID = aend: 43--youtube
ID = a  number = 46--netflix
ID = aend: 46--netflix
ID = a  number = 2--youtube
ID = aend: 2--youtube
ID = a  number = 41--youtube
ID = aend: 41--youtube
ID = a  number = 25--netflix
ID = aend: 25--netflix
ID = a  number = 31--youtube
ID = aend: 31--youtube
ID = a  number = 33--youtube
ID = aend: 33--youtube
ID = a  number = 37--netflix
ID = aend: 37--netflix
ID = a  number = 19--youtube
ID = aend: 19--youtube
ID = a  number = 37--youtube
ID = aend: 37--youtube
ID = a  number = 48--netflix
ID = aend: 48--netflix
ID = a  number = 41--youtube
ID = aend: 41--youtube
ID = a  number = 23--youtube
ID = aend: 23--youtube
ID = a  number = 13--netflix
ID = aend: 13--netflix
ID = a  number = 31--youtube
ID = aend: 31--youtube
ID = a  number = 33--youtube
ID = aend: 33--youtube
ID = a  number = 30--netflix
ID = aend: 30--netflix
ID = a  number = 18--youtube
ID = aend: 18--youtube
ID = a  number = 49--youtube
ID = aend: 49--youtube
ID = a  number = 19--netflix
ID = aend: 19--netflix
ID = a  number = 47--youtube
ID = aend: 47--youtube
ID = a  number = 15--youtube
ID = aend: 15--youtube
ID = a  number = 10--netflix
ID = aend: 10--netflix
ID = a  number = 28--youtube
ID = aend: 28--youtube
ID = a  number = 6--youtube
ID = aend: 6--youtube
ID = a  number = 30--netflix
ID = aend: 30--netflix
ID = a  number = 45--youtube
ID = aend: 45--youtube
ID = a  number = 13--youtube
ID = aend: 13--youtube
ID = a  number = 5--netflix
ID = aend: 5--netflix
ID = a  number = 23--youtube
ID = aend: 23--youtube
ID = a  number = 7--youtube
ID = aend: 7--youtube
ID = a  number = 32--netflix
ID = aend: 32--netflix
ID = a  number = 33--youtube
ID = aend: 33--youtube
ID = a  number = 37--youtube
ID = aend: 37--youtube
ID = a  number = 4--netflix
ID = aend: 4--netflix
ID = a  number = 21--youtube
ID = aend: 21--youtube
ID = a  number = 40--youtube
ID = aend: 40--youtube
ID = a  number = 28--netflix
ID = aend: 28--netflix
ID = a  number = 39--youtube
ID = aend: 39--youtube
ID = a  number = 8--youtube
ID = aend: 8--youtube
ID = a  number = 35--netflix
ID = aend: 35--netflix
ID = a  number = 4--youtube
ID = aend: 4--youtube
ID = a  number = 10--youtube
ID = aend: 10--youtube
ID = a  number = 9--netflix
ID = aend: 9--netflix
ID = a  number = 27--youtube
ID = aend: 27--youtube
ID = a  number = 40--youtube
ID = aend: 40--youtube
ID = a  number = 14--netflix
ID = aend: 14--netflix
ID = a  number = 30--youtube
ID = aend: 30--youtube
ID = a  number = 26--youtube
ID = aend: 26--youtube
ID = a  number = 13--netflix
ID = aend: 13--netflix
ID = a  number = 13--youtube
ID = aend: 13--youtube
ID = a  number = 49--youtube
ID = aend: 49--youtube
ID = a  number = 39--netflix
ID = aend: 39--netflix
ID = a  number = 33--youtube
ID = aend: 33--youtube
ID = a  number = 4--youtube
ID = aend: 4--youtube
ID = a  number = 46--netflix
ID = aend: 46--netflix
ID = a  number = 5--youtube
ID = aend: 5--youtube
ID = a  number = 23--youtube
ID = aend: 23--youtube
ID = a  number = 15--netflix
ID = aend: 15--netflix
ID = a  number = 4--youtube
ID = aend: 4--youtube
ID = a  number = 47--youtube
ID = aend: 47--youtube
ID = a  number = 12--netflix
ID = aend: 12--netflix
ID = a  number = 46--youtube
ID = aend: 46--youtube
ID = a  number = 23--youtube
ID = aend: 23--youtube
ID = a  number = 21--netflix
ID = aend: 21--netflix
ID = a  number = 31--youtube
ID = aend: 31--youtube
ID = a  number = 34--youtube
ID = aend: 34--youtube
ID = a  number = 1--netflix
ID = aend: 1--netflix
ID = a  number = 33--youtube
ID = aend: 33--youtube
ID = a  number = 7--youtube
ID = aend: 7--youtube
ID = a  number = 16--netflix
ID = aend: 16--netflix
ID = a  number = 32--youtube
ID = aend: 32--youtube
ID = a  number = 25--youtube
ID = aend: 25--youtube
ID = a  number = 36--netflix
ID = aend: 36--netflix
ID = a  number = 49--youtube
ID = aend: 49--youtube
ID = a  number = 31--youtube
ID = aend: 31--youtube
ID = a  number = 29--netflix
ID = aend: 29--netflix
ID = a  number = 36--youtube
ID = aend: 36--youtube
ID = a  number = 14--youtube
ID = aend: 14--youtube
ID = a  number = 25--netflix
ID = aend: 25--netflix
ID = a  number = 29--youtube
ID = aend: 29--youtube
ID = a  number = 5--youtube
ID = aend: 5--youtube
ID = a  number = 22--netflix
ID = aend: 22--netflix
ID = a  number = 19--youtube
ID = aend: 19--youtube
ID = a  number = 33--youtube
ID = aend: 33--youtube
ID = a  number = 5--netflix
ID = aend: 5--netflix
ID = a  number = 18--youtube
ID = aend: 18--youtube
ID = a  number = 33--youtube
ID = aend: 33--youtube
ID = a  number = 46--netflix
ID = aend: 46--netflix
ID = a  number = 19--youtube
ID = aend: 19--youtube
ID = a  number = 19--youtube
ID = aend: 19--youtube
ID = a  number = 43--netflix
ID = aend: 43--netflix
ID = a  number = 13--youtube
ID = aend: 13--youtube
ID = a  number = 46--youtube
ID = aend: 46--youtube
ID = a  number = 31--netflix
ID = aend: 31--netflix
ID = a  number = 36--youtube
ID = aend: 36--youtube
ID = a  number = 35--youtube
ID = aend: 35--youtube
ID = a  number = 49--netflix
ID = aend: 49--netflix
ID = a  number = 39--youtube
ID = aend: 39--youtube
ID = a  number = 37--youtube
ID = aend: 37--youtube
ID = a  number = 34--netflix
ID = aend: 34--netflix
ID = a  number = 25--youtube
ID = aend: 25--youtube
ID = a  number = 9--youtube
ID = aend: 9--youtube
ID = a  number = 27--netflix
ID = aend: 27--netflix
ID = a  number = 35--youtube
ID = aend: 35--youtube
ID = a  number = 2--youtube
ID = aend: 2--youtube
ID = a  number = 17--netflix
ID = aend: 17--netflix
ID = a  number = 28--youtube
ID = aend: 28--youtube
ID = a  number = 32--youtube
ID = aend: 32--youtube
ID = a  number = 47--netflix
ID = aend: 47--netflix
ID = a  number = 46--youtube
ID = aend: 46--youtube
ID = a  number = 9--youtube
ID = aend: 9--youtube
ID = a  number = 30--netflix
ID = aend: 30--netflix
ID = a  number = 9--youtube
ID = aend: 9--youtube
ID = a  number = 11--youtubeID = 172.17.0.6start time = 1588193825.513737 seconds ---
ID = b  number = 44--youtube
ID = bend: 44--youtube
ID = b  number = 18--youtube
ID = bend: 18--youtube
ID = b  number = 12--netflix
ID = bend: 12--netflix
ID = b  number = 7--youtube
ID = bend: 7--youtube
ID = b  number = 2--youtube
ID = bend: 2--youtube
ID = b  number = 8--netflix
ID = bend: 8--netflix
ID = b  number = 30--youtube
ID = bend: 30--youtube
ID = b  number = 44--youtube
ID = bend: 44--youtube
ID = b  number = 24--netflix
ID = bend: 24--netflix
ID = b  number = 13--youtube
ID = bend: 13--youtube
ID = b  number = 39--youtube
ID = bend: 39--youtube
ID = b  number = 48--netflix
ID = bend: 48--netflix
ID = b  number = 7--youtube
ID = bend: 7--youtube
ID = b  number = 23--youtube
ID = bend: 23--youtube
ID = b  number = 17--netflix
ID = bend: 17--netflix
ID = b  number = 48--youtube
ID = bend: 48--youtube
ID = b  number = 36--youtube
ID = bend: 36--youtube
ID = b  number = 18--netflix
ID = bend: 18--netflix
ID = b  number = 15--youtube
ID = bend: 15--youtube
ID = b  number = 3--youtube
ID = bend: 3--youtube
ID = b  number = 8--netflix
ID = bend: 8--netflix
ID = b  number = 13--youtube
ID = bend: 13--youtube
ID = b  number = 27--youtube
ID = bend: 27--youtube
ID = b  number = 18--netflix
ID = bend: 18--netflix
ID = b  number = 6--youtube
ID = bend: 6--youtube
ID = b  number = 7--youtube
ID = bend: 7--youtube
ID = b  number = 43--netflix
ID = bend: 43--netflix
ID = b  number = 0--youtube
ID = bend: 0--youtube
ID = b  number = 0--youtube
ID = bend: 0--youtube
ID = b  number = 14--netflix
ID = bend: 14--netflix
ID = b  number = 42--youtube
ID = bend: 42--youtube
ID = b  number = 36--youtube
ID = bend: 36--youtube
ID = b  number = 11--netflix
ID = bend: 11--netflix
ID = b  number = 48--youtube
ID = bend: 48--youtube
ID = b  number = 22--youtube
ID = bend: 22--youtube
ID = b  number = 10--netflix
ID = bend: 10--netflix
ID = b  number = 42--youtube
ID = bend: 42--youtube
ID = b  number = 22--youtube
ID = bend: 22--youtube
ID = b  number = 16--netflix
ID = bend: 16--netflix
ID = b  number = 7--youtube
ID = bend: 7--youtube
ID = b  number = 25--youtube
ID = bend: 25--youtube
ID = b  number = 21--netflix
ID = bend: 21--netflix
ID = b  number = 4--youtube
ID = bend: 4--youtube
ID = b  number = 0--youtube
ID = bend: 0--youtube
ID = b  number = 24--netflix
ID = bend: 24--netflix
ID = b  number = 44--youtube
ID = bend: 44--youtube
ID = b  number = 36--youtube
ID = bend: 36--youtube
ID = b  number = 18--netflix
ID = bend: 18--netflix
ID = b  number = 45--youtube
ID = bend: 45--youtube
ID = b  number = 41--youtube
ID = bend: 41--youtube
ID = b  number = 22--netflix
ID = bend: 22--netflix
ID = b  number = 9--youtube
ID = bend: 9--youtube
ID = b  number = 35--youtube
ID = bend: 35--youtube
ID = b  number = 6--netflix
ID = bend: 6--netflix
ID = b  number = 39--youtube
ID = bend: 39--youtube
ID = b  number = 20--youtube
ID = bend: 20--youtube
ID = b  number = 7--netflix
ID = bend: 7--netflix
ID = b  number = 32--youtube
ID = bend: 32--youtube
ID = b  number = 36--youtube
ID = bend: 36--youtube
ID = b  number = 28--netflix
ID = bend: 28--netflix
ID = b  number = 18--youtube
ID = bend: 18--youtube
ID = b  number = 7--youtube
ID = bend: 7--youtube
ID = b  number = 41--netflix
ID = bend: 41--netflix
ID = b  number = 34--youtube
ID = bend: 34--youtube
ID = b  number = 1--youtube
ID = bend: 1--youtube
ID = b  number = 8--netflix
ID = bend: 8--netflix
ID = b  number = 13--youtube
ID = bend: 13--youtube
ID = b  number = 19--youtube
ID = bend: 19--youtube
ID = b  number = 22--netflix
ID = bend: 22--netflix
ID = b  number = 6--youtube
ID = bend: 6--youtube
ID = b  number = 44--youtube
ID = bend: 44--youtube
ID = b  number = 26--netflix
ID = bend: 26--netflix
ID = b  number = 1--youtube
ID = bend: 1--youtube
ID = b  number = 15--youtube
ID = bend: 15--youtube
ID = b  number = 18--netflix
ID = bend: 18--netflix
ID = b  number = 17--youtube
ID = bend: 17--youtube
ID = b  number = 28--youtube
ID = bend: 28--youtube
ID = b  number = 1--netflix
ID = bend: 1--netflix
ID = b  number = 7--youtube
ID = bend: 7--youtube
ID = b  number = 27--youtube
ID = bend: 27--youtube
ID = b  number = 6--netflix
ID = bend: 6--netflix
ID = b  number = 47--youtube
ID = bend: 47--youtube
ID = b  number = 3--youtube
ID = bend: 3--youtube
ID = b  number = 29--netflix
ID = bend: 29--netflix
ID = b  number = 10--youtube
ID = bend: 10--youtube
ID = b  number = 24--youtube
ID = bend: 24--youtube
ID = b  number = 9--netflix
ID = bend: 9--netflix
ID = b  number = 26--youtube
ID = bend: 26--youtube
ID = b  number = 31--youtube
ID = bend: 31--youtube
ID = b  number = 40--netflix
ID = bend: 40--netflix
ID = b  number = 40--youtube
ID = bend: 40--youtube
ID = b  number = 30--youtube
ID = bend: 30--youtube
ID = b  number = 8--netflix
ID = bend: 8--netflix
ID = b  number = 30--youtube
ID = bend: 30--youtube
ID = b  number = 28--youtube
ID = bend: 28--youtube
ID = b  number = 22--netflix
ID = bend: 22--netflix
ID = b  number = 25--youtube
ID = bend: 25--youtube

ID = aend: 11--youtube
ID = a  number = 3--netflix
ID = aend: 3--netflix
ID = a  number = 12--youtube
ID = aend: 12--youtube
ID = a  number = 17--youtube
ID = aend: 17--youtube
ID = a  number = 1--netflix
ID = aend: 1--netflix
ID = a  number = 43--youtube
ID = aend: 43--youtube
ID = a  number = 12--youtube
ID = aend: 12--youtube
ID = a  number = 18--netflix
ID = aend: 18--netflix
ID = a  number = 41--youtube
ID = aend: 41--youtube
ID = a  number = 9--youtube
ID = aend: 9--youtube
ID = a  number = 49--netflix
ID = aend: 49--netflix
ID = a  number = 35--youtube
ID = aend: 35--youtube
ID = a  number = 37--youtube
ID = aend: 37--youtube
ID = a  number = 3--netflix
ID = aend: 3--netflix
ID = a  number = 48--youtube
ID = aend: 48--youtube
ID = a  number = 48--youtube
ID = aend: 48--youtube
ID = a  number = 10--netflix
ID = aend: 10--netflix
ID = a  number = 25--youtube
ID = aend: 25--youtube
ID = a  number = 48--youtube
ID = aend: 48--youtube
ID = a  number = 47--netflix
ID = aend: 47--netflix
ID = a  number = 46--youtube
ID = aend: 46--youtube
ID = a  number = 3--youtube
ID = aend: 3--youtube
ID = a  number = 0--netflix
ID = aend: 0--netflix
ID = a  number = 10--youtube
ID = aend: 10--youtube
ID = a  number = 2--youtube
ID = aend: 2--youtube
ID = a  number = 34--netflix
ID = aend: 34--netflix
ID = a  number = 42--youtube
ID = aend: 42--youtube
ID = a  number = 16--youtube
ID = aend: 16--youtube
ID = a  number = 35--netflix
ID = aend: 35--netflix
ID = a  number = 5--youtube
ID = aend: 5--youtube
ID = a  number = 23--youtube
ID = aend: 23--youtube
ID = a  number = 20--netflix
ID = aend: 20--netflix
ID = a  number = 36--youtube
ID = aend: 36--youtube
ID = a  number = 0--youtube
ID = aend: 0--youtube
ID = a  number = 6--netflix
ID = aend: 6--netflix
ID = a  number = 28--youtube
ID = aend: 28--youtube
ID = a  number = 29--youtube
ID = aend: 29--youtube
ID = a  number = 0--netflix
ID = aend: 0--netflix
ID = a  number = 30--youtube
ID = aend: 30--youtube
ID = a  number = 41--youtube
ID = aend: 41--youtube
ID = a  number = 20--netflix
ID = aend: 20--netflix
ID = a  number = 28--youtube
ID = aend: 28--youtube
ID = a  number = 43--youtube
ID = aend: 43--youtube
ID = a  number = 12--netflix
ID = aend: 12--netflix
ID = a  number = 3--youtube
ID = aend: 3--youtube
ID = a  number = 40--youtube
ID = aend: 40--youtube
ID = a  number = 27--netflix
ID = aend: 27--netflix
ID = a  number = 22--youtube
ID = aend: 22--youtube
ID = a  number = 41--youtube
ID = aend: 41--youtube
ID = a  number = 39--netflix
ID = aend: 39--netflix
ID = a  number = 33--youtube
ID = aend: 33--youtube
ID = a  number = 16--youtube
ID = aend: 16--youtube
ID = a  number = 50--netflix
ID = aend: 50--netflix
ID = a  number = 12--youtube
ID = aend: 12--youtube
ID = a  number = 26--youtube
ID = aend: 26--youtube
ID = a  number = 16--netflix
ID = aend: 16--netflix
ID = a  number = 41--youtube
ID = aend: 41--youtube
ID = a  number = 21--youtube
ID = aend: 21--youtube
ID = a  number = 49--netflix
ID = aend: 49--netflix
ID = a  number = 36--youtube
ID = aend: 36--youtube
ID = a  number = 36--youtube
ID = aend: 36--youtube
ID = a  number = 50--netflix
ID = aend: 50--netflix
ID = a  number = 1--youtube
ID = aend: 1--youtube
ID = a  number = 5--youtube
ID = aend: 5--youtube
ID = a  number = 20--netflix
ID = aend: 20--netflix
ID = a  number = 39--youtube
ID = aend: 39--youtube
ID = a  number = 28--youtube
ID = aend: 28--youtube
ID = a  number = 45--netflix
ID = aend: 45--netflix
ID = a  number = 37--youtube
ID = aend: 37--youtube
ID = a  number = 14--youtube
ID = aend: 14--youtube
ID = a  number = 12--netflix
ID = aend: 12--netflix
ID = a  number = 33--youtube
ID = aend: 33--youtube
ID = a  number = 41--youtube
ID = aend: 41--youtube
ID = a  number = 30--netflix
ID = aend: 30--netflix
ID = a  number = 18--youtube
ID = aend: 18--youtube
ID = a  number = 11--youtube
ID = aend: 11--youtube
ID = a  number = 20--netflix
ID = aend: 20--netflix
ID = a  number = 33--youtube
ID = aend: 33--youtube
ID = a  number = 28--youtube
ID = aend: 28--youtube
ID = a  number = 37--netflix
ID = aend: 37--netflix
ID = a  number = 31--youtube
ID = aend: 31--youtube
ID = a  number = 44--youtube
ID = aend: 44--youtube
ID = a  number = 47--netflix
ID = aend: 47--netflix
ID = a  number = 2--youtube
ID = aend: 2--youtube
ID = a  number = 40--youtube
ID = aend: 40--youtube
ID = a  number = 41--netflix
ID = aend: 41--netflix
ID = a  number = 0--youtube
ID = aend: 0--youtube
ID = a  number = 38--youtube
ID = aend: 38--youtube
ID = a  number = 48--netflix
ID = aend: 48--netflix
ID = a  number = 39--youtube
ID = aend: 39--youtube
ID = a  number = 2--youtube
ID = aend: 2--youtube
ID = a  number = 38--netflix
ID = aend: 38--netflix
ID = a  number = 19--youtube
ID = aend: 19--youtube
ID = a  number = 38--youtube
ID = aend: 38--youtube
ID = a  number = 33--netflix
ID = aend: 33--netflix
ID = a  number = 46--youtube
ID = aend: 46--youtube
ID = a  number = 5--youtube
ID = aend: 5--youtube
ID = a  number = 49--netflix
ID = aend: 49--netflix
ID = a  number = 22--youtube
ID = aend: 22--youtube
ID = a  number = 1--youtube
ID = aend: 1--youtube
ID = a  number = 6--netflix
ID = aend: 6--netflix
ID = a  number = 8--youtube
ID = aend: 8--youtube
ID = a  number = 22--youtube
ID = aend: 22--youtube
ID = a  number = 9--netflix
ID = aend: 9--netflix
ID = a  number = 42--youtube
ID = aend: 42--youtube
ID = a  number = 35--youtube
ID = aend: 35--youtube
ID = a  number = 34--netflix
ID = aend: 34--netflix
ID = a  number = 46--youtube
ID = aend: 46--youtube
ID = a  number = 44--youtube
ID = aend: 44--youtube
ID = a  number = 27--netflix
ID = aend: 27--netflix
ID = a  number = 40--youtube
ID = aend: 40--youtube
ID = a  number = 10--youtube
ID = aend: 10--youtube
ID = a  number = 21--netflix
ID = aend: 21--netflix
ID = a  number = 18--youtube
ID = aend: 18--youtube
ID = a  number = 21--youtube
ID = aend: 21--youtube
ID = a  number = 0--netflix
ID = aend: 0--netflix
ID = a  number = 36--youtube
ID = aend: 36--youtube
ID = a  number = 37--youtube
ID = aend: 37--youtube
ID = a  number = 49--netflix
ID = aend: 49--netflix
ID = a  number = 37--youtube
ID = aend: 37--youtube
ID = a  number = 4--youtube
ID = aend: 4--youtube
ID = a  number = 40--netflix
ID = aend: 40--netflix
ID = a  number = 11--youtube
ID = aend: 11--youtube
ID = a  number = 20--youtube
ID = aend: 20--youtube
ID = a  number = 42--netflix
ID = aend: 42--netflix
ID = a  number = 27--youtube
ID = aend: 27--youtube
ID = a  number = 28--youtube
ID = aend: 28--youtube
ID = a  number = 48--netflix
ID = aend: 48--netflix
ID = a  number = 9--youtube
ID = aend: 9--youtube
ID = a  number = 32--youtube
ID = aend: 32--youtube
ID = a  number = 25--netflix
ID = aend: 25--netflix
ID = a  number = 20--youtube
ID = aend: 20--youtube
ID = a  number = 20--youtube
ID = aend: 20--youtube
ID = a  number = 20--netflix
ID = aend: 20--netflix
ID = a  number = 9--youtube
ID = aend: 9--youtube
ID = a  number = 23--youtube
ID = aend: 23--youtube
ID = a  number = 43--netflix
ID = aend: 43--netflix
ID = a  number = 5--youtube
ID = aend: 5--youtube
ID = a  number = 22--youtube
ID = aend: 22--youtube
ID = a  number = 14--netflix
ID = aend: 14--netflix
ID = a  number = 37--youtube
ID = aend: 37--youtube
ID = a  number = 25--youtube
ID = aend: 25--youtube
ID = a  number = 37--netflix
ID = aend: 37--netflix
ID = 172.17.0.6--- 2052.8197996616364 seconds ---
ID = 172.17.0.6start time = 1588194485.7596633 seconds ---
ID = c  number = 21--youtube
ID = cend: 21--youtube
ID = c  number = 4--youtube
ID = cend: 4--youtube
ID = c  number = 49--netflix
ID = cend: 49--netflix
ID = c  number = 34--youtube
ID = cend: 34--youtube
ID = c  number = 25--youtube
ID = cend: 25--youtube
ID = c  number = 39--netflix
ID = cend: 39--netflix
ID = c  number = 13--youtube
ID = cend: 13--youtube
ID = c  number = 45--youtube
ID = cend: 45--youtube
ID = c  number = 18--netflix
ID = cend: 18--netflix
ID = c  number = 9--youtube
ID = cend: 9--youtube
ID = c  number = 41--youtube
ID = cend: 41--youtube
ID = c  number = 3--netflix
ID = cend: 3--netflix
ID = c  number = 8--youtube
ID = cend: 8--youtube
ID = c  number = 32--youtube
ID = cend: 32--youtube
ID = c  number = 26--netflix
ID = cend: 26--netflix
ID = c  number = 7--youtube
ID = cend: 7--youtube
ID = c  number = 14--youtube
ID = cend: 14--youtube
ID = c  number = 38--netflix
ID = cend: 38--netflix
ID = c  number = 0--youtube
ID = cend: 0--youtube
ID = c  number = 4--youtube
ID = cend: 4--youtube
ID = c  number = 7--netflix
ID = cend: 7--netflix
ID = c  number = 49--youtube
ID = cend: 49--youtube
ID = c  number = 1--youtube
ID = cend: 1--youtube
ID = c  number = 36--netflix
ID = cend: 36--netflix
ID = c  number = 3--youtube
ID = cend: 3--youtube
ID = c  number = 20--youtube
ID = cend: 20--youtube
ID = c  number = 43--netflix
ID = cend: 43--netflix
ID = c  number = 39--youtube
ID = cend: 39--youtube
ID = c  number = 4--youtube
ID = cend: 4--youtube
ID = c  number = 25--netflix
ID = cend: 25--netflix
ID = c  number = 35--youtube
ID = cend: 35--youtube
ID = c  number = 22--youtube
ID = cend: 22--youtube
ID = c  number = 39--netflix
ID = cend: 39--netflix
ID = c  number = 15--youtube
ID = cend: 15--youtube
ID = c  number = 19--youtube
ID = cend: 19--youtube
ID = c  number = 28--netflix
ID = cend: 28--netflix
ID = c  number = 44--youtube
ID = cend: 44--youtube
ID = c  number = 13--youtube
ID = cend: 13--youtube
ID = c  number = 50--netflix
ID = cend: 50--netflix
ID = c  number = 20--youtube
ID = cend: 20--youtube
ID = c  number = 49--youtube
ID = cend: 49--youtube
ID = c  number = 18--netflix
ID = cend: 18--netflix
ID = c  number = 17--youtube
ID = cend: 17--youtube
ID = c  number = 16--youtube
ID = cend: 16--youtube
ID = c  number = 46--netflix
ID = cend: 46--netflix
ID = c  number = 6--youtube
ID = cend: 6--youtube
ID = c  number = 8--youtube
ID = cend: 8--youtube
ID = c  number = 35--netflix
ID = cend: 35--netflix
ID = c  number = 44--youtube
ID = cend: 44--youtube
ID = c  number = 38--youtube
ID = cend: 38--youtube
ID = c  number = 33--netflix
ID = cend: 33--netflix
ID = c  number = 18--youtube
ID = cend: 18--youtube
ID = c  number = 25--youtube
ID = cend: 25--youtube
ID = c  number = 19--netflix
ID = cend: 19--netflix
ID = c  number = 25--youtube
ID = cend: 25--youtube
ID = c  number = 46--youtube
ID = cend: 46--youtube
ID = c  number = 46--netflix
ID = cend: 46--netflix
ID = c  number = 11--youtube
ID = cend: 11--youtube
ID = c  number = 2--youtube
ID = cend: 2--youtube
ID = c  number = 4--netflix
ID = cend: 4--netflix
ID = c  number = 3--youtube
ID = cend: 3--youtube
ID = c  number = 3--youtube
ID = cend: 3--youtube
ID = c  number = 45--netflix
ID = cend: 45--netflix
ID = c  number = 37--youtube
ID = cend: 37--youtube
ID = c  number = 30--youtube
ID = cend: 30--youtube
ID = c  number = 19--netflix
ID = cend: 19--netflix
ID = c  number = 38--youtube
ID = cend: 38--youtube
ID = c  number = 35--youtube
ID = cend: 35--youtube
ID = c  number = 35--netflix
ID = cend: 35--netflix
ID = c  number = 38--youtube
ID = cend: 38--youtube
ID = c  number = 47--youtube
ID = cend: 47--youtube
ID = c  number = 11--netflix
ID = cend: 11--netflix
ID = c  number = 13--youtube
ID = cend: 13--youtube
ID = c  number = 35--youtube
ID = cend: 35--youtube
ID = c  number = 25--netflix
ID = cend: 25--netflix
ID = c  number = 43--youtube
ID = cend: 43--youtube
ID = c  number = 47--youtube
ID = cend: 47--youtube
ID = c  number = 10--netflix
ID = cend: 10--netflix
ID = c  number = 49--youtube
ID = cend: 49--youtube
ID = c  number = 1--youtube
ID = cend: 1--youtube
ID = c  number = 32--netflix
ID = cend: 32--netflix
ID = c  number = 48--youtube
ID = cend: 48--youtube
ID = c  number = 43--youtube
ID = cend: 43--youtube
ID = c  number = 15--netflix
ID = cend: 15--netflix
ID = c  number = 44--youtube
ID = cend: 44--youtube
ID = c  number = 2--youtube
ID = cend: 2--youtube
ID = c  number = 28--netflix
ID = cend: 28--netflix
ID = c  number = 41--youtube
ID = cend: 41--youtube
ID = c  number = 8--youtube
ID = cend: 8--youtube
ID = c  number = 33--netflix
ID = cend: 33--netflix
ID = c  number = 5--youtube
ID = cend: 5--youtube
ID = c  number = 39--youtube
ID = cend: 39--youtube
ID = c  number = 1--netflix
ID = cend: 1--netflix
ID = c  number = 39--youtube
ID = cend: 39--youtube
ID = c  number = 33--youtube
ID = cend: 33--youtube
ID = c  number = 26--netflix
ID = cend: 26--netflix
ID = c  number = 9--youtube
ID = cend: 9--youtube
ID = c  number = 40--youtube
ID = cend: 40--youtube
ID = c  number = 1--netflix
ID = cend: 1--netflix
ID = c  number = 30--youtube
ID = cend: 30--youtube
ID = c  number = 1--youtube
ID = cend: 1--youtube
ID = c  number = 37--netflix
ID = cend: 37--netflix
ID = c  number = 0--youtube
ID = cend: 0--youtube
ID = c  number = 6--youtube
ID = cend: 6--youtube
ID = c  number = 20--netflix
ID = cend: 20--netflix
ID = c  number = 23--youtube
ID = cend: 23--youtube
ID = c  number = 12--youtube
ID = cend: 12--youtube
ID = c  number = 8--netflix
ID = cend: 8--netflix
ID = c  number = 14--youtube
ID = cend: 14--youtube
ID = c  number = 44--youtube
ID = cend: 44--youtube
ID = c  number = 36--netflix
ID = cend: 36--netflix
ID = c  number = 9--youtube
ID = cend: 9--youtube
ID = c  number = 43--youtube
ID = cend: 43--youtube
ID = c  number = 45--netflix
ID = cend: 45--netflix
ID = c  number = 14--youtube
ID = cend: 14--youtube
ID = c  number = 35--youtube
ID = cend: 35--youtube
ID = c  number = 34--netflix
ID = cend: 34--netflix
ID = c  number = 26--youtube
ID = cend: 26--youtube
ID = c  number = 27--youtube
ID = cend: 27--youtube
ID = c  number = 8--netflix
ID = cend: 8--netflix
ID = c  number = 30--youtube
ID = cend: 30--youtube
ID = c  number = 27--youtube
ID = cend: 27--youtube
ID = c  number = 3--netflix
ID = cend: 3--netflix
ID = c  number = 13--youtube
ID = cend: 13--youtube
ID = c  number = 25--youtube
ID = cend: 25--youtube
ID = c  number = 18--netflix
ID = cend: 18--netflix
ID = c  number = 5--youtube
ID = cend: 5--youtube
ID = c  number = 6--youtube
ID = cend: 6--youtube
ID = c  number = 37--netflix
ID = cend: 37--netflix
ID = c  number = 37--youtube
ID = cend: 37--youtube
ID = c  number = 25--youtube
ID = cend: 25--youtube
ID = c  number = 22--netflix
ID = cend: 22--netflix
ID = c  number = 0--youtube
ID = cend: 0--youtube
ID = c  number = 48--youtube
ID = cend: 48--youtube
ID = c  number = 0--netflix
ID = cend: 0--netflix
ID = c  number = 43--youtube
ID = cend: 43--youtube
ID = c  number = 15--youtube
ID = cend: 15--youtube
ID = c  number = 22--netflix
ID = cend: 22--netflix
ID = c  number = 41--youtube
ID = cend: 41--youtube
ID = c  number = 25--youtube
ID = cend: 25--youtube
ID = c  number = 24--netflix
ID = cend: 24--netflix
ID = c  number = 33--youtube
ID = cend: 33--youtube
ID = c  number = 31--youtube
ID = cend: 31--youtube
ID = c  number = 29--netflix
ID = cend: 29--netflix
ID = c  number = 23--youtube
ID = cend: 23--youtube
ID = c  number = 13--youtube
ID = cend: 13--youtube
ID = c  number = 0--netflix
ID = cend: 0--netflix
ID = c  number = 50--youtube
ID = cend: 50--youtube
ID = c  number = 36--youtube
ID = cend: 36--youtube
ID = c  number = 21--netflix
ID = cend: 21--netflix
ID = c  number = 27--youtube
ID = cend: 27--youtube
ID = c  number = 22--youtube
ID = cend: 22--youtube
ID = c  number = 16--netflix
ID = cend: 16--netflix
ID = c  number = 39--youtube
ID = cend: 39--youtube
ID = c  number = 23--youtube
ID = cend: 23--youtube
ID = c  number = 41--netflix
ID = cend: 41--netflix
ID = c  number = 27--youtube
ID = cend: 27--youtube
ID = c  number = 47--youtube
ID = cend: 47--youtubeID = 172.17.0.6start time = 1588195425.0781598 seconds ---
ID = b  number = 12--youtube
ID = bend: 12--youtube
ID = b  number = 48--youtube
ID = bend: 48--youtube
ID = b  number = 26--netflix
ID = bend: 26--netflix
ID = b  number = 26--youtube
ID = bend: 26--youtube
ID = b  number = 26--youtube
ID = bend: 26--youtube
ID = b  number = 18--netflix
ID = bend: 18--netflix
ID = b  number = 14--youtube
ID = bend: 14--youtube
ID = b  number = 1--youtube
ID = bend: 1--youtube
ID = b  number = 50--netflix
ID = bend: 50--netflix
ID = b  number = 33--youtube
ID = bend: 33--youtube
ID = b  number = 37--youtube
ID = bend: 37--youtube
ID = b  number = 26--netflix
ID = bend: 26--netflix
ID = b  number = 48--youtube
ID = bend: 48--youtube
ID = b  number = 38--youtube
ID = bend: 38--youtube
ID = b  number = 44--netflix
ID = bend: 44--netflix
ID = b  number = 37--youtube
ID = bend: 37--youtube
ID = b  number = 17--youtube
ID = bend: 17--youtube
ID = b  number = 39--netflix
ID = bend: 39--netflix
ID = b  number = 44--youtube
ID = bend: 44--youtube
ID = b  number = 17--youtube
ID = bend: 17--youtube
ID = b  number = 4--netflix
ID = bend: 4--netflix
ID = b  number = 28--youtube
ID = bend: 28--youtube
ID = b  number = 34--youtube
ID = bend: 34--youtube
ID = b  number = 0--netflix
ID = bend: 0--netflix
ID = b  number = 43--youtube
ID = bend: 43--youtube
ID = b  number = 14--youtube
ID = bend: 14--youtube
ID = b  number = 49--netflix
ID = bend: 49--netflix
ID = b  number = 50--youtube
ID = bend: 50--youtube
ID = b  number = 16--youtube
ID = bend: 16--youtube
ID = b  number = 42--netflix
ID = bend: 42--netflix
ID = b  number = 19--youtube
ID = bend: 19--youtube
ID = b  number = 2--youtube
ID = bend: 2--youtube
ID = b  number = 28--netflix
ID = bend: 28--netflix
ID = b  number = 7--youtube
ID = bend: 7--youtube
ID = b  number = 21--youtube
ID = bend: 21--youtube
ID = b  number = 29--netflix
ID = bend: 29--netflix
ID = b  number = 17--youtube
ID = bend: 17--youtube
ID = b  number = 22--youtube
ID = bend: 22--youtube
ID = b  number = 41--netflix
ID = bend: 41--netflix
ID = b  number = 50--youtube
ID = bend: 50--youtube
ID = b  number = 36--youtube
ID = bend: 36--youtube
ID = b  number = 20--netflix
ID = bend: 20--netflix
ID = b  number = 48--youtube
ID = bend: 48--youtube
ID = b  number = 49--youtube
ID = bend: 49--youtube
ID = b  number = 31--netflix
ID = bend: 31--netflix
ID = b  number = 5--youtube
ID = bend: 5--youtube
ID = b  number = 39--youtube
ID = bend: 39--youtube
ID = b  number = 36--netflix
ID = bend: 36--netflix
ID = b  number = 32--youtube
ID = bend: 32--youtube
ID = b  number = 20--youtube
ID = bend: 20--youtube
ID = b  number = 17--netflix
ID = bend: 17--netflix
ID = b  number = 11--youtube
ID = bend: 11--youtube
ID = b  number = 39--youtube
ID = bend: 39--youtube
ID = b  number = 26--netflix
ID = bend: 26--netflix
ID = b  number = 35--youtube
ID = bend: 35--youtube
ID = b  number = 11--youtube
ID = bend: 11--youtube
ID = b  number = 42--netflix
ID = bend: 42--netflix
ID = b  number = 10--youtube
ID = bend: 10--youtube
ID = b  number = 20--youtube
ID = bend: 20--youtube
ID = b  number = 14--netflix
ID = bend: 14--netflix
ID = b  number = 42--youtube
ID = bend: 42--youtube
ID = b  number = 48--youtube
ID = bend: 48--youtube
ID = b  number = 50--netflix
ID = bend: 50--netflix
ID = b  number = 32--youtube
ID = bend: 32--youtube
ID = b  number = 46--youtube
ID = bend: 46--youtube
ID = b  number = 32--netflix
ID = bend: 32--netflix
ID = b  number = 12--youtube
ID = bend: 12--youtube
ID = b  number = 17--youtube
ID = bend: 17--youtube
ID = b  number = 47--netflix
ID = bend: 47--netflix
ID = b  number = 16--youtube
ID = bend: 16--youtube
ID = b  number = 41--youtube
ID = bend: 41--youtube
ID = b  number = 4--netflix
ID = bend: 4--netflix
ID = b  number = 49--youtube
ID = bend: 49--youtube
ID = b  number = 21--youtube
ID = bend: 21--youtube
ID = b  number = 38--netflix
ID = bend: 38--netflix
ID = b  number = 21--youtube
ID = bend: 21--youtube
ID = b  number = 13--youtube
ID = bend: 13--youtube
ID = b  number = 35--netflix
ID = bend: 35--netflix
ID = b  number = 39--youtube
ID = bend: 39--youtube
ID = b  number = 30--youtube
ID = bend: 30--youtube
ID = b  number = 7--netflix
ID = bend: 7--netflix
ID = b  number = 41--youtube
ID = bend: 41--youtube
ID = b  number = 7--youtube
ID = bend: 7--youtube
ID = b  number = 29--netflix
ID = bend: 29--netflix
ID = b  number = 4--youtube
ID = bend: 4--youtube
ID = b  number = 37--youtube
ID = bend: 37--youtube
ID = b  number = 3--netflix
ID = bend: 3--netflix
ID = b  number = 2--youtube
ID = bend: 2--youtube
ID = b  number = 8--youtube
ID = bend: 8--youtube
ID = b  number = 19--netflix
ID = bend: 19--netflix
ID = b  number = 4--youtube
ID = bend: 4--youtube
ID = b  number = 2--youtube
ID = bend: 2--youtube
ID = b  number = 8--netflix
ID = bend: 8--netflix
ID = b  number = 46--youtube
ID = bend: 46--youtube
ID = b  number = 27--youtube
ID = bend: 27--youtube
ID = b  number = 34--netflix
ID = bend: 34--netflix
ID = b  number = 16--youtube
ID = bend: 16--youtube
ID = b  number = 47--youtube
ID = bend: 47--youtube
ID = b  number = 13--netflix
ID = bend: 13--netflix
ID = b  number = 6--youtube
ID = bend: 6--youtube
ID = b  number = 24--youtube
ID = bend: 24--youtube
ID = b  number = 26--netflix
ID = bend: 26--netflix
ID = b  number = 18--youtube
ID = bend: 18--youtube
ID = b  number = 21--youtube
ID = bend: 21--youtube
ID = b  number = 36--netflix
ID = bend: 36--netflix
ID = b  number = 7--youtube
ID = bend: 7--youtube
ID = b  number = 48--youtube
ID = bend: 48--youtube
ID = b  number = 16--netflix
ID = bend: 16--netflix
ID = b  number = 8--youtube
ID = bend: 8--youtube
ID = b  number = 11--youtube
ID = bend: 11--youtube
ID = b  number = 0--netflix
ID = bend: 0--netflix
ID = b  number = 19--youtube
ID = bend: 19--youtube
ID = b  number = 47--youtube
ID = bend: 47--youtube
ID = b  number = 49--netflix
ID = bend: 49--netflix
ID = b  number = 47--youtube
ID = bend: 47--youtube
ID = b  number = 18--youtube
ID = bend: 18--youtube
ID = b  number = 41--netflix
ID = bend: 41--netflix
ID = b  number = 13--youtube
ID = bend: 13--youtube
ID = b  number = 40--youtube
ID = bend: 40--youtube
ID = b  number = 45--netflix
ID = bend: 45--netflix
ID = b  number = 31--youtube
ID = bend: 31--youtube
ID = b  number = 47--youtube
ID = bend: 47--youtube
ID = b  number = 40--netflix
ID = bend: 40--netflix
ID = b  number = 11--youtube
ID = bend: 11--youtube
ID = b  number = 37--youtube
ID = bend: 37--youtube
ID = b  number = 34--netflix
ID = bend: 34--netflix
ID = b  number = 46--youtube
ID = bend: 46--youtube
ID = b  number = 16--youtube
ID = bend: 16--youtube
ID = b  number = 28--netflix
ID = bend: 28--netflix
ID = b  number = 17--youtube
ID = bend: 17--youtube
ID = b  number = 2--youtube
ID = bend: 2--youtube
ID = b  number = 24--netflix
ID = bend: 24--netflix
ID = b  number = 29--youtube
ID = bend: 29--youtube
ID = b  number = 36--youtube
ID = bend: 36--youtube
ID = b  number = 26--netflix
ID = bend: 26--netflix
ID = b  number = 24--youtube
ID = bend: 24--youtube
ID = b  number = 28--youtube
ID = bend: 28--youtube
ID = b  number = 27--netflix
ID = bend: 27--netflix
ID = b  number = 6--youtube
ID = bend: 6--youtube
ID = b  number = 12--youtube
ID = bend: 12--youtube
ID = b  number = 28--netflix
ID = bend: 28--netflix
ID = b  number = 36--youtube
ID = bend: 36--youtube
ID = b  number = 24--youtube
ID = bend: 24--youtube
ID = b  number = 15--netflix
ID = bend: 15--netflix
ID = b  number = 47--youtube
ID = bend: 47--youtube
ID = b  number = 5--youtube
ID = bend: 5--youtube
ID = b  number = 20--netflix
ID = bend: 20--netflix
ID = b  number = 35--youtube
ID = bend: 35--youtube
ID = b  number = 50--youtube
ID = bend: 50--youtube
ID = b  number = 29--netflix
ID = bend: 29--netflix
ID = b  number = 45--youtube
ID = bend: 45--youtube
ID = b  number = 24--youtube
ID = bend: 24--youtube
ID = b  number = 12--netflix
ID = bend: 12--netflix
ID = b  number = 20--youtube
ID = bend: 20--youtube
ID = b  number = 46--youtube
ID = bend: 46--youtube
ID = b  number = 11--netflix
ID = bend: 11--netflix
ID = b  number = 25--youtube
ID = bend: 25--youtube
ID = b  number = 6--youtube
ID = c  number = 19--netflix
ID = cend: 19--netflix
ID = c  number = 46--youtube
ID = cend: 46--youtube
ID = c  number = 0--youtube
ID = cend: 0--youtube
ID = c  number = 3--netflix
ID = cend: 3--netflix
ID = c  number = 33--youtube
ID = cend: 33--youtube
ID = c  number = 24--youtube
ID = cend: 24--youtube
ID = c  number = 3--netflix
ID = cend: 3--netflix
ID = c  number = 49--youtube
ID = cend: 49--youtube
ID = c  number = 47--youtube
ID = cend: 47--youtube
ID = c  number = 8--netflix
ID = cend: 8--netflix
ID = c  number = 3--youtube
ID = cend: 3--youtube
ID = c  number = 20--youtube
ID = cend: 20--youtube
ID = c  number = 39--netflix
ID = cend: 39--netflix
ID = c  number = 15--youtube
ID = cend: 15--youtube
ID = c  number = 46--youtube
ID = cend: 46--youtube
ID = c  number = 38--netflix
ID = cend: 38--netflix
ID = c  number = 0--youtube
ID = cend: 0--youtube
ID = c  number = 4--youtube
ID = cend: 4--youtube
ID = c  number = 25--netflix
ID = cend: 25--netflix
ID = c  number = 43--youtube
ID = cend: 43--youtube
ID = c  number = 45--youtube
ID = cend: 45--youtube
ID = c  number = 15--netflix
ID = cend: 15--netflix
ID = c  number = 48--youtube
ID = cend: 48--youtube
ID = c  number = 31--youtube
ID = cend: 31--youtube
ID = c  number = 43--netflix
ID = cend: 43--netflix
ID = c  number = 46--youtube
ID = cend: 46--youtube
ID = c  number = 3--youtube
ID = cend: 3--youtube
ID = c  number = 37--netflix
ID = cend: 37--netflix
ID = c  number = 19--youtube
ID = cend: 19--youtube
ID = c  number = 24--youtube
ID = cend: 24--youtube
ID = c  number = 28--netflix
ID = cend: 28--netflix
ID = c  number = 38--youtube
ID = cend: 38--youtube
ID = c  number = 5--youtube
ID = cend: 5--youtube
ID = c  number = 0--netflix
ID = cend: 0--netflix
ID = c  number = 3--youtube
ID = cend: 3--youtube
ID = c  number = 12--youtube
ID = cend: 12--youtube
ID = c  number = 4--netflix
ID = cend: 4--netflix
ID = c  number = 7--youtube
ID = cend: 7--youtube
ID = c  number = 8--youtube
ID = cend: 8--youtube
ID = c  number = 8--netflix
ID = cend: 8--netflix
ID = c  number = 44--youtube
ID = cend: 44--youtube
ID = c  number = 7--youtube
ID = cend: 7--youtube
ID = c  number = 0--netflix
ID = cend: 0--netflix
ID = c  number = 14--youtube
ID = cend: 14--youtube
ID = c  number = 38--youtube
ID = cend: 38--youtube
ID = c  number = 49--netflix
ID = cend: 49--netflix
ID = c  number = 25--youtube
ID = cend: 25--youtube
ID = c  number = 31--youtube
ID = cend: 31--youtube
ID = c  number = 21--netflix
ID = cend: 21--netflix
ID = c  number = 23--youtube
ID = cend: 23--youtube
ID = c  number = 7--youtube
ID = cend: 7--youtube
ID = c  number = 37--netflix
ID = cend: 37--netflix
ID = c  number = 22--youtube
ID = cend: 22--youtube
ID = c  number = 32--youtube
ID = cend: 32--youtube
ID = c  number = 46--netflix
ID = cend: 46--netflix
ID = c  number = 7--youtube
ID = cend: 7--youtube
ID = c  number = 1--youtube
ID = cend: 1--youtube
ID = c  number = 22--netflix
ID = cend: 22--netflix
ID = c  number = 4--youtube
ID = cend: 4--youtube
ID = c  number = 29--youtube
ID = cend: 29--youtube
ID = c  number = 14--netflix
ID = cend: 14--netflix
ID = c  number = 8--youtube
ID = cend: 8--youtube
ID = c  number = 36--youtube
ID = cend: 36--youtube
ID = c  number = 30--netflix
ID = cend: 30--netflix
ID = c  number = 6--youtube
ID = cend: 6--youtube
ID = c  number = 26--youtube
ID = cend: 26--youtube
ID = c  number = 8--netflix
ID = cend: 8--netflix
ID = c  number = 9--youtube
ID = cend: 9--youtube
ID = c  number = 47--youtube
ID = cend: 47--youtube
ID = c  number = 29--netflix
ID = cend: 29--netflix
ID = c  number = 20--youtube
ID = cend: 20--youtube
ID = c  number = 32--youtube
ID = cend: 32--youtube
ID = c  number = 17--netflix
ID = cend: 17--netflix
ID = c  number = 28--youtube
ID = cend: 28--youtube
ID = c  number = 42--youtube
ID = cend: 42--youtube
ID = c  number = 43--netflix
ID = cend: 43--netflix
ID = c  number = 27--youtube
ID = cend: 27--youtube
ID = c  number = 20--youtube
ID = cend: 20--youtube
ID = c  number = 37--netflix
ID = cend: 37--netflix
ID = c  number = 32--youtube
ID = cend: 32--youtube
ID = c  number = 31--youtube
ID = cend: 31--youtube
ID = c  number = 32--netflix
ID = cend: 32--netflix
ID = c  number = 50--youtube
ID = cend: 50--youtube
ID = c  number = 49--youtube
ID = cend: 49--youtube
ID = c  number = 49--netflix
ID = cend: 49--netflix
ID = c  number = 16--youtube
ID = cend: 16--youtube
ID = c  number = 22--youtube
ID = cend: 22--youtube
ID = c  number = 8--netflix
ID = cend: 8--netflix
ID = c  number = 13--youtube
ID = cend: 13--youtube
ID = c  number = 18--youtube
ID = cend: 18--youtube
ID = c  number = 49--netflix
ID = cend: 49--netflix
ID = c  number = 30--youtube
ID = cend: 30--youtube
ID = c  number = 39--youtube
ID = cend: 39--youtube
ID = c  number = 0--netflix
ID = cend: 0--netflix
ID = c  number = 16--youtube
ID = cend: 16--youtube
ID = c  number = 45--youtube
ID = cend: 45--youtube
ID = c  number = 46--netflix
ID = cend: 46--netflix
ID = c  number = 7--youtube
ID = cend: 7--youtube
ID = c  number = 17--youtube
ID = cend: 17--youtube
ID = c  number = 7--netflix
ID = cend: 7--netflix
ID = c  number = 14--youtube
ID = cend: 14--youtube
ID = c  number = 11--youtube
ID = cend: 11--youtube
ID = c  number = 17--netflix
ID = cend: 17--netflix
ID = c  number = 49--youtube
ID = cend: 49--youtube
ID = c  number = 5--youtube
ID = cend: 5--youtube
ID = c  number = 19--netflix
ID = cend: 19--netflix
ID = c  number = 11--youtube
ID = cend: 11--youtube
ID = c  number = 38--youtube
ID = cend: 38--youtube
ID = c  number = 50--netflix
ID = cend: 50--netflix
ID = c  number = 24--youtube
ID = cend: 24--youtube
ID = c  number = 4--youtube
ID = cend: 4--youtube
ID = c  number = 4--netflix
ID = cend: 4--netflix
ID = c  number = 26--youtube
ID = cend: 26--youtube
ID = c  number = 2--youtube
ID = cend: 2--youtube
ID = c  number = 29--netflix
ID = cend: 29--netflix
ID = c  number = 27--youtube
ID = cend: 27--youtube
ID = c  number = 35--youtube
ID = cend: 35--youtube
ID = c  number = 37--netflix
ID = cend: 37--netflix
ID = c  number = 1--youtube
ID = cend: 1--youtube
ID = c  number = 9--youtube
ID = cend: 9--youtube
ID = c  number = 41--netflix
ID = cend: 41--netflix
ID = c  number = 33--youtube
ID = cend: 33--youtube
ID = c  number = 39--youtube
ID = cend: 39--youtube
ID = c  number = 0--netflix
ID = cend: 0--netflix
ID = c  number = 45--youtube
ID = cend: 45--youtube
ID = c  number = 5--youtube
ID = cend: 5--youtube
ID = c  number = 37--netflix
ID = cend: 37--netflix
ID = c  number = 43--youtube
ID = cend: 43--youtube
ID = c  number = 43--youtube
ID = cend: 43--youtube
ID = c  number = 16--netflix
ID = cend: 16--netflix
ID = c  number = 39--youtube
ID = cend: 39--youtube
ID = c  number = 26--youtube
ID = cend: 26--youtube
ID = c  number = 6--netflix
ID = cend: 6--netflix
ID = c  number = 41--youtube
ID = cend: 41--youtube
ID = c  number = 29--youtube
ID = cend: 29--youtube
ID = c  number = 15--netflix
ID = cend: 15--netflix
ID = c  number = 13--youtube
ID = cend: 13--youtube
ID = c  number = 23--youtube
ID = cend: 23--youtube
ID = c  number = 3--netflix
ID = cend: 3--netflix
ID = c  number = 19--youtube
ID = cend: 19--youtube
ID = c  number = 29--youtube
ID = cend: 29--youtube
ID = c  number = 6--netflix
ID = cend: 6--netflix
ID = 172.17.0.6--- 2006.2896039485931 seconds ---

ID = bend: 6--youtube
ID = b  number = 9--netflix
ID = bend: 9--netflix
ID = b  number = 42--youtube
ID = bend: 42--youtube
ID = b  number = 3--youtube
ID = bend: 3--youtube
ID = b  number = 47--netflix
ID = bend: 47--netflix
ID = b  number = 1--youtube
ID = bend: 1--youtube
ID = b  number = 30--youtube
ID = bend: 30--youtube
ID = b  number = 30--netflix
ID = bend: 30--netflix
ID = b  number = 36--youtube
ID = bend: 36--youtube
ID = b  number = 16--youtube
ID = bend: 16--youtube
ID = b  number = 23--netflix
ID = bend: 23--netflix
ID = b  number = 20--youtube
ID = bend: 20--youtube
ID = b  number = 0--youtube
ID = bend: 0--youtube
ID = b  number = 40--netflix
ID = bend: 40--netflix
ID = b  number = 14--youtube
ID = bend: 14--youtube
ID = b  number = 3--youtube
ID = bend: 3--youtube
ID = b  number = 15--netflix
ID = bend: 15--netflix
ID = b  number = 25--youtube
ID = bend: 25--youtube
ID = b  number = 15--youtube
ID = bend: 15--youtube
ID = b  number = 44--netflix
ID = bend: 44--netflix
ID = b  number = 8--youtube
ID = bend: 8--youtube
ID = b  number = 29--youtube
ID = bend: 29--youtube
ID = b  number = 42--netflix
ID = bend: 42--netflix
ID = b  number = 1--youtube
ID = bend: 1--youtube
ID = b  number = 42--youtube
ID = bend: 42--youtube
ID = b  number = 46--netflix
ID = bend: 46--netflix
ID = b  number = 17--youtube
ID = bend: 17--youtube
ID = b  number = 29--youtube
ID = bend: 29--youtube
ID = b  number = 5--netflix
ID = bend: 5--netflix
ID = b  number = 27--youtube
ID = bend: 27--youtube
ID = b  number = 23--youtube
ID = bend: 23--youtube
ID = b  number = 50--netflix
ID = bend: 50--netflix
ID = b  number = 22--youtube
ID = bend: 22--youtube
ID = b  number = 31--youtube
ID = bend: 31--youtube
ID = b  number = 0--netflix
ID = bend: 0--netflix
ID = b  number = 16--youtube
ID = bend: 16--youtube
ID = b  number = 18--youtube
ID = bend: 18--youtube
ID = b  number = 50--netflix
ID = bend: 50--netflix
ID = b  number = 21--youtube
ID = bend: 21--youtube
ID = b  number = 45--youtube
ID = bend: 45--youtube
ID = b  number = 25--netflix
ID = bend: 25--netflix
ID = b  number = 46--youtube
ID = bend: 46--youtube
ID = b  number = 38--youtube
ID = bend: 38--youtube
ID = b  number = 47--netflix
ID = bend: 47--netflix
ID = b  number = 16--youtube
ID = bend: 16--youtube
ID = b  number = 26--youtube
ID = bend: 26--youtube
ID = b  number = 32--netflix
ID = bend: 32--netflix
ID = b  number = 35--youtube
ID = bend: 35--youtube
ID = b  number = 35--youtube
ID = bend: 35--youtube
ID = b  number = 36--netflix
ID = bend: 36--netflix
ID = b  number = 40--youtube
ID = bend: 40--youtube
ID = b  number = 41--youtube
ID = bend: 41--youtube
ID = b  number = 48--netflix
ID = bend: 48--netflix
ID = b  number = 49--youtube
ID = bend: 49--youtube
ID = b  number = 8--youtube
ID = bend: 8--youtube
ID = b  number = 33--netflix
ID = bend: 33--netflix
ID = b  number = 30--youtube
ID = bend: 30--youtube
ID = b  number = 5--youtube
ID = bend: 5--youtube
ID = b  number = 47--netflix
ID = bend: 47--netflix
ID = b  number = 49--youtube
ID = bend: 49--youtube
ID = b  number = 17--youtube
ID = bend: 17--youtube
ID = b  number = 22--netflix
ID = bend: 22--netflix
ID = b  number = 32--youtube
ID = bend: 32--youtube
ID = b  number = 40--youtube
ID = bend: 40--youtube
ID = b  number = 25--netflix
ID = bend: 25--netflix
ID = b  number = 38--youtube
ID = bend: 38--youtube
ID = b  number = 19--youtube
ID = bend: 19--youtube
ID = b  number = 28--netflix
ID = bend: 28--netflix
ID = b  number = 36--youtube
ID = bend: 36--youtube
ID = b  number = 7--youtube
ID = bend: 7--youtube
ID = b  number = 2--netflix
ID = bend: 2--netflix
ID = b  number = 41--youtube
ID = bend: 41--youtube
ID = b  number = 17--youtube
ID = bend: 17--youtube
ID = b  number = 42--netflix
ID = bend: 42--netflix
ID = b  number = 36--youtube
ID = bend: 36--youtube
ID = b  number = 48--youtube
ID = bend: 48--youtube
ID = b  number = 35--netflix
ID = bend: 35--netflix
ID = b  number = 0--youtube
ID = bend: 0--youtube
ID = b  number = 16--youtube
ID = bend: 16--youtube
ID = b  number = 50--netflix
ID = bend: 50--netflix
ID = b  number = 7--youtube
ID = bend: 7--youtube
ID = b  number = 37--youtube
ID = bend: 37--youtube
ID = b  number = 11--netflix
ID = bend: 11--netflix
ID = b  number = 15--youtube
ID = bend: 15--youtube
ID = b  number = 14--youtube
ID = bend: 14--youtube
ID = b  number = 23--netflix
ID = bend: 23--netflix
ID = b  number = 24--youtube
ID = bend: 24--youtube
ID = b  number = 41--youtube
ID = bend: 41--youtube
ID = b  number = 11--netflix
ID = bend: 11--netflix
ID = b  number = 22--youtube
ID = bend: 22--youtube
ID = b  number = 34--youtube
ID = bend: 34--youtube
ID = b  number = 33--netflix
ID = bend: 33--netflix
ID = b  number = 15--youtube
ID = bend: 15--youtube
ID = b  number = 23--youtube
ID = bend: 23--youtube
ID = b  number = 26--netflix
ID = bend: 26--netflix
ID = b  number = 23--youtube
ID = bend: 23--youtube
ID = b  number = 43--youtube
ID = bend: 43--youtube
ID = b  number = 37--netflix
ID = bend: 37--netflix
ID = b  number = 48--youtube
ID = bend: 48--youtube
ID = b  number = 9--youtube
ID = bend: 9--youtube
ID = b  number = 41--netflix
ID = bend: 41--netflix
ID = b  number = 3--youtube
ID = bend: 3--youtube
ID = b  number = 0--youtube
ID = bend: 0--youtube
ID = b  number = 50--netflix
ID = bend: 50--netflix
ID = b  number = 49--youtube
ID = bend: 49--youtube
ID = b  number = 2--youtube
ID = bend: 2--youtube
ID = b  number = 1--netflix
ID = bend: 1--netflix
ID = b  number = 30--youtube
ID = bend: 30--youtube
ID = b  number = 38--youtube
ID = bend: 38--youtube
ID = b  number = 14--netflix
ID = bend: 14--netflix
ID = b  number = 29--youtube
ID = bend: 29--youtube
ID = b  number = 26--youtube
ID = bend: 26--youtube
ID = b  number = 9--netflix
ID = bend: 9--netflix
ID = b  number = 5--youtube
ID = bend: 5--youtube
ID = b  number = 36--youtube
ID = bend: 36--youtube
ID = b  number = 15--netflix
ID = bend: 15--netflix
ID = b  number = 8--youtube
ID = bend: 8--youtube
ID = b  number = 18--youtube
ID = bend: 18--youtube
ID = b  number = 41--netflix
ID = bend: 41--netflix
ID = b  number = 32--youtube
ID = bend: 32--youtube
ID = b  number = 41--youtube
ID = bend: 41--youtube
ID = b  number = 5--netflix
ID = bend: 5--netflix
ID = b  number = 18--youtube
ID = bend: 18--youtube
ID = b  number = 38--youtube
ID = bend: 38--youtube
ID = b  number = 1--netflix
ID = bend: 1--netflix
ID = b  number = 34--youtube
ID = bend: 34--youtube
ID = b  number = 6--youtube
ID = bend: 6--youtube
ID = b  number = 39--netflix
ID = bend: 39--netflix
ID = b  number = 32--youtube
ID = bend: 32--youtube
ID = b  number = 10--youtube
ID = bend: 10--youtube
ID = b  number = 26--netflix
ID = bend: 26--netflix
ID = b  number = 33--youtube
ID = bend: 33--youtube
ID = b  number = 13--youtube
ID = bend: 13--youtube
ID = b  number = 19--netflix
ID = bend: 19--netflix
ID = b  number = 33--youtube
ID = bend: 33--youtube
ID = b  number = 45--youtube
ID = bend: 45--youtube
ID = b  number = 42--netflix
ID = bend: 42--netflix
ID = b  number = 4--youtube
ID = bend: 4--youtube
ID = b  number = 44--youtube
ID = bend: 44--youtube
ID = b  number = 15--netflix
ID = bend: 15--netflix
ID = b  number = 26--youtube
ID = bend: 26--youtube
ID = b  number = 40--youtube
ID = bend: 40--youtube
ID = b  number = 41--netflix
ID = bend: 41--netflix
ID = 172.17.0.6--- 2018.0326745510101 seconds ---
ID = 172.17.0.6start time = 1588196492.5093029 seconds ---
ID = d  number = 41--youtube
ID = dend: 41--youtube
ID = d  number = 42--youtube
ID = dend: 42--youtube
ID = d  number = 0--netflix
ID = dend: 0--netflix
ID = d  number = 19--youtube
ID = dend: 19--youtube
ID = d  number = 18--youtube
ID = dend: 18--youtube
ID = d  number = 33--netflix
ID = dend: 33--netflix
ID = d  number = 28--youtube
ID = dend: 28--youtube
ID = d  number = 2--youtube
ID = dend: 2--youtube
ID = d  number = 34--netflix
ID = dend: 34--netflix
ID = d  number = 26--youtube
ID = dend: 26--youtube
ID = d  number = 27--youtube
ID = dend: 27--youtube
ID = d  number = 14--netflix
ID = dend: 14--netflix
ID = d  number = 20--youtube
ID = dend: 20--youtube
ID = d  number = 27--youtube
ID = dend: 27--youtube
ID = d  number = 37--netflix
ID = dend: 37--netflix
ID = d  number = 8--youtube
ID = dend: 8--youtube
ID = d  number = 0--youtube
ID = dend: 0--youtube
ID = d  number = 34--netflix
ID = dend: 34--netflix
ID = d  number = 43--youtube
ID = dend: 43--youtube
ID = d  number = 23--youtube
ID = dend: 23--youtube
ID = d  number = 8--netflix
ID = dend: 8--netflix
ID = d  number = 4--youtube
ID = dend: 4--youtube
ID = d  number = 1--youtube
ID = dend: 1--youtube
ID = d  number = 48--netflix
ID = dend: 48--netflix
ID = d  number = 39--youtube
ID = dend: 39--youtube
ID = d  number = 22--youtube
ID = dend: 22--youtube
ID = d  number = 23--netflix
ID = dend: 23--netflix
ID = d  number = 15--youtube
ID = dend: 15--youtube
ID = d  number = 20--youtube
ID = dend: 20--youtube
ID = d  number = 31--netflix
ID = dend: 31--netflix
ID = d  number = 16--youtube
ID = dend: 16--youtube
ID = d  number = 41--youtube
ID = dend: 41--youtube
ID = d  number = 50--netflix
ID = dend: 50--netflix
ID = d  number = 30--youtube
ID = dend: 30--youtube
ID = d  number = 29--youtube
ID = dend: 29--youtube
ID = d  number = 50--netflix
ID = dend: 50--netflix
ID = d  number = 16--youtube
ID = dend: 16--youtube
ID = d  number = 43--youtube
ID = dend: 43--youtube
ID = d  number = 8--netflix
ID = dend: 8--netflix
ID = d  number = 21--youtube
ID = dend: 21--youtube
ID = d  number = 47--youtube
ID = dend: 47--youtube
ID = d  number = 33--netflix
ID = dend: 33--netflix
ID = d  number = 39--youtube
ID = dend: 39--youtube
ID = d  number = 50--youtube
ID = dend: 50--youtube
ID = d  number = 48--netflix
ID = dend: 48--netflix
ID = d  number = 17--youtube
ID = dend: 17--youtube
ID = d  number = 41--youtube
ID = dend: 41--youtube
ID = d  number = 42--netflix
ID = dend: 42--netflix
ID = d  number = 17--youtube
ID = dend: 17--youtube
ID = d  number = 29--youtube
ID = dend: 29--youtube
ID = d  number = 47--netflix
ID = dend: 47--netflix
ID = d  number = 32--youtube
ID = dend: 32--youtube
ID = d  number = 45--youtube
ID = dend: 45--youtube
ID = d  number = 0--netflix
ID = dend: 0--netflix
ID = d  number = 5--youtube
ID = dend: 5--youtube
ID = d  number = 0--youtube
ID = dend: 0--youtube
ID = d  number = 13--netflix
ID = dend: 13--netflix
ID = d  number = 34--youtube
ID = dend: 34--youtube
ID = d  number = 22--youtube
ID = dend: 22--youtube
ID = d  number = 33--netflix
ID = dend: 33--netflix
ID = d  number = 6--youtube
ID = dend: 6--youtube
ID = d  number = 48--youtube
ID = dend: 48--youtube
ID = d  number = 47--netflix
ID = dend: 47--netflix
ID = d  number = 44--youtube
ID = dend: 44--youtube
ID = d  number = 41--youtube
ID = dend: 41--youtube
ID = d  number = 40--netflix
ID = dend: 40--netflix
ID = d  number = 20--youtube
ID = dend: 20--youtube
ID = d  number = 14--youtube
ID = dend: 14--youtube
ID = d  number = 5--netflix
ID = dend: 5--netflix
ID = d  number = 7--youtube
ID = dend: 7--youtube
ID = d  number = 37--youtube
ID = dend: 37--youtube
ID = d  number = 44--netflix
ID = dend: 44--netflix
ID = d  number = 36--youtube
ID = dend: 36--youtube
ID = d  number = 44--youtube
ID = dend: 44--youtube
ID = d  number = 7--netflix
ID = dend: 7--netflix
ID = d  number = 9--youtube
ID = dend: 9--youtube
ID = d  number = 1--youtube
ID = dend: 1--youtube
ID = d  number = 12--netflix
ID = dend: 12--netflix
ID = d  number = 36--youtube
ID = dend: 36--youtube
ID = d  number = 13--youtube
ID = dend: 13--youtube
ID = d  number = 20--netflix
ID = dend: 20--netflix
ID = d  number = 41--youtube
ID = dend: 41--youtube
ID = d  number = 23--youtube
ID = dend: 23--youtube
ID = d  number = 19--netflix
ID = dend: 19--netflix
ID = d  number = 21--youtube
ID = dend: 21--youtube
ID = d  number = 8--youtube
ID = dend: 8--youtube
ID = d  number = 31--netflix
ID = dend: 31--netflix
ID = d  number = 37--youtube
ID = dend: 37--youtube
ID = d  number = 5--youtube
ID = dend: 5--youtube
ID = d  number = 50--netflix
ID = dend: 50--netflix
ID = d  number = 43--youtube
ID = dend: 43--youtube
ID = d  number = 17--youtube
ID = dend: 17--youtube
ID = d  number = 36--netflix
ID = dend: 36--netflix
ID = d  number = 30--youtube
ID = dend: 30--youtube
ID = d  number = 15--youtube
ID = dend: 15--youtube
ID = d  number = 1--netflix
ID = dend: 1--netflix
ID = d  number = 3--youtube
ID = dend: 3--youtube
ID = d  number = 0--youtube
ID = dend: 0--youtube
ID = d  number = 13--netflix
ID = dend: 13--netflix
ID = d  number = 40--youtube
ID = dend: 40--youtube
ID = d  number = 11--youtube
ID = dend: 11--youtube
ID = d  number = 23--netflix
ID = dend: 23--netflix
ID = d  number = 20--youtube
ID = dend: 20--youtube
ID = d  number = 21--youtube
ID = dend: 21--youtube
ID = d  number = 21--netflix
ID = dend: 21--netflix
ID = d  number = 48--youtube
ID = dend: 48--youtube
ID = d  number = 39--youtube
ID = dend: 39--youtube
ID = d  number = 38--netflix
ID = dend: 38--netflix
ID = d  number = 20--youtube
ID = dend: 20--youtube
ID = d  number = 27--youtube
ID = dend: 27--youtube
ID = d  number = 38--netflix
ID = dend: 38--netflix
ID = d  number = 28--youtube
ID = dend: 28--youtube
ID = d  number = 7--youtube
ID = dend: 7--youtube
ID = d  number = 30--netflix
ID = dend: 30--netflix
ID = d  number = 0--youtube
ID = dend: 0--youtube
ID = d  number = 11--youtube
ID = dend: 11--youtube
ID = d  number = 19--netflix
ID = dend: 19--netflix
ID = d  number = 22--youtube
ID = dend: 22--youtube
ID = d  number = 33--youtube
ID = dend: 33--youtube
ID = d  number = 49--netflix
ID = dend: 49--netflix
ID = d  number = 13--youtube
ID = dend: 13--youtube
ID = d  number = 27--youtube
ID = dend: 27--youtube
ID = d  number = 27--netflix
ID = dend: 27--netflix
ID = d  number = 21--youtube
ID = dend: 21--youtube
ID = d  number = 3--youtube
ID = dend: 3--youtube
ID = d  number = 11--netflix
ID = dend: 11--netflix
ID = d  number = 2--youtube
ID = dend: 2--youtube
ID = d  number = 1--youtube
ID = dend: 1--youtube
ID = d  number = 44--netflix
ID = dend: 44--netflix
ID = d  number = 37--youtube
ID = dend: 37--youtube
ID = d  number = 46--youtube
ID = dend: 46--youtube
ID = d  number = 42--netflix
ID = dend: 42--netflix
ID = d  number = 18--youtube
ID = dend: 18--youtube
ID = d  number = 41--youtube
ID = dend: 41--youtube
ID = d  number = 36--netflix
ID = dend: 36--netflix
ID = d  number = 37--youtube
ID = dend: 37--youtube
ID = d  number = 42--youtube
ID = dend: 42--youtube
ID = d  number = 2--netflix
ID = dend: 2--netflix
ID = d  number = 28--youtube
ID = dend: 28--youtube
ID = d  number = 34--youtube
ID = dend: 34--youtube
ID = d  number = 10--netflix
ID = dend: 10--netflix
ID = d  number = 13--youtube
ID = dend: 13--youtube
ID = d  number = 3--youtube
ID = dend: 3--youtube
ID = d  number = 26--netflix
ID = dend: 26--netflix
ID = d  number = 42--youtube
ID = dend: 42--youtube
ID = d  number = 6--youtube
ID = dend: 6--youtube
ID = d  number = 27--netflix
ID = dend: 27--netflix
ID = d  number = 35--youtube
ID = dend: 35--youtube
ID = d  number = 18--youtube
ID = dend: 18--youtube
ID = d  number = 23--netflix
ID = dend: 23--netflix
ID = d  number = 0--youtube
ID = dend: 0--youtube
ID = d  number = 4--youtube
ID = dend: 4--youtube
ID = d  number = 50--netflix
ID = dend: 50--netflix
ID = d  number = 7--youtube
ID = dend: 7--youtube
ID = d  number = 33--youtube
ID = dend: 33--youtube
ID = d  number = 43--netflix
ID = dend: 43--netflix
ID = d  number = 37--youtube
ID = dend: 37--youtube
ID = d  number = 23--youtube
ID = dend: 23--youtube