ID = 172.17.0.3start time = 1588864781.9563348 seconds ---
ID = 001  number = 8--netflix
ID = 001  number = 18--youtube
ID = 001  number = 14--youtube
ID = 001  number = 20--netflix
ID = 001  number = 24--youtube
ID = 001end: 8--netflix
ID = 001  number = 51--youtube
ID = 001end: 18--youtube
ID = 001  number = 26--netflix
ID = 001end: 14--youtube
ID = 001  number = 52--youtube
ID = 001end: 20--netflix
ID = 001  number = 6--netflix
ID = 001end: 24--youtube
ID = 001  number = 3--youtube
ID = 001end: 51--youtube
ID = 001  number = 52--youtube
ID = 001end: 26--netflix
ID = 001  number = 35--netflix
ID = 001end: 52--youtube
ID = 001  number = 33--netflix
ID = 001end: 6--netflix
ID = 001  number = 27--youtube
ID = 001end: 3--youtube
ID = 001  number = 20--netflix
ID = 001end: 52--youtube
ID = 001  number = 32--netflix
ID = 001end: 35--netflix
ID = 001  number = 7--youtube
ID = 001end: 33--netflix
ID = 001  number = 7--youtube
ID = 001end: 27--youtube
ID = 001  number = 46--netflix
ID = 001end: 20--netflix
ID = 001  number = 12--youtube
ID = 001  number = 53--netflix
ID = 001end: 32--netflix
ID = 001  number = 17--youtube
ID = 001end: 7--youtube
ID = 001  number = 22--youtube
ID = 001end: 7--youtube
ID = 001  number = 60--netflix
ID = 001end: 46--netflix
ID = 001end: 12--youtube
ID = 001  number = 24--youtube
ID = 001  number = 5--netflix
ID = 001end: 53--netflix
ID = 001end: 17--youtube
ID = 001  number = 22--netflix
ID = 001  number = 23--youtube
ID = 001end: 22--youtube
ID = 001end: 60--netflix
ID = 001  number = 30--youtube
ID = 001end: 24--youtube
ID = 001  number = 22--youtube
ID = 001end: 5--netflix
ID = 001  number = 37--netflix
ID = 001end: 22--netflix
ID = 001  number = 8--netflix
ID = 001end: 23--youtube
ID = 001  number = 34--youtube
ID = 001end: 30--youtube
ID = 001  number = 34--youtube
ID = 001  number = 32--youtube
ID = 001end: 22--youtube
ID = 001end: 37--netflix
ID = 001  number = 13--youtube
ID = 001  number = 52--youtube
ID = 001end: 8--netflix
ID = 001end: 34--youtube
ID = 001  number = 55--netflix
ID = 001end: 34--youtube
ID = 001  number = 52--netflix
ID = 001end: 32--youtube
ID = 001  number = 5--youtube
ID = 001end: 13--youtube
ID = 001  number = 25--youtube
ID = 001end: 52--youtube
ID = 001  number = 30--youtube
ID = 001end: 55--netflix
ID = 001  number = 9--youtube
ID = 001  number = 22--youtube
ID = 001end: 52--netflix
ID = 001end: 5--youtube
ID = 001  number = 15--netflix
ID = 001end: 25--youtube
ID = 001  number = 29--youtube
ID = 001end: 30--youtube
ID = 001  number = 27--netflix
ID = 001end: 9--youtube
ID = 001  number = 46--youtube
ID = 001end: 22--youtube
ID = 001  number = 31--youtube
ID = 001  number = 34--youtube
ID = 001end: 15--netflix
ID = 001end: 29--youtube
ID = 001  number = 1--netflix
ID = 001  number = 7--youtube
ID = 001end: 27--netflix
ID = 001end: 46--youtube
ID = 001end: 31--youtube
ID = 001  number = 18--youtube
ID = 001  number = 48--youtube
ID = 001end: 34--youtube
ID = 001  number = 5--netflix
ID = 001end: 1--netflix
ID = 001  number = 2--netflix
ID = 001  number = 45--youtube
ID = 001end: 7--youtube
ID = 001end: 18--youtube
ID = 001end: 48--youtube
ID = 001  number = 24--netflix
ID = 001  number = 22--youtube
ID = 001end: 5--netflix
ID = 001  number = 2--youtube
ID = 001end: 2--netflix
ID = 001  number = 40--youtube
ID = 001  number = 2--youtube
ID = 001end: 45--youtube
ID = 001end: 24--netflix
ID = 001  number = 8--netflix
ID = 001end: 22--youtube
ID = 001  number = 6--youtube
ID = 001end: 2--youtube
ID = 001  number = 6--netflix
ID = 001end: 40--youtube
ID = 001  number = 7--youtube
ID = 001end: 2--youtube
ID = 001  number = 23--netflix
ID = 001end: 8--netflix
ID = 001  number = 44--youtube
ID = 001end: 6--youtube
ID = 001  number = 46--youtube
ID = 001end: 6--netflix
ID = 001  number = 53--youtube
ID = 001end: 7--youtube
ID = 001  number = 27--netflix
ID = 001end: 23--netflix
ID = 001  number = 43--youtube
ID = 001end: 44--youtube
ID = 001  number = 54--youtube
ID = 001end: 46--youtube
ID = 001  number = 10--youtube
ID = 001  number = 17--youtube
ID = 001end: 53--youtube
ID = 001end: 27--netflix
ID = 001  number = 1--netflix
ID = 001end: 43--youtube
ID = 001  number = 8--youtube
ID = 001end: 54--youtube
ID = 001  number = 3--youtube
ID = 001end: 10--youtube
ID = 001  number = 50--netflix
ID = 001end: 17--youtube
ID = 001  number = 5--youtube
ID = 001end: 1--netflix
ID = 001  number = 3--youtube
ID = 001end: 8--youtube
ID = 001  number = 30--netflix
ID = 001end: 3--youtube
ID = 001  number = 7--netflix
ID = 001  number = 9--youtube
ID = 001end: 50--netflix
ID = 001end: 5--youtube
ID = 001  number = 30--netflix
ID = 001end: 3--youtube
ID = 001  number = 46--netflix
ID = 001end: 30--netflix
ID = 001  number = 57--youtube
ID = 001end: 7--netflix
ID = 001  number = 46--netflix
ID = 001end: 9--youtube
ID = 001  number = 4--youtube
ID = 001end: 30--netflix
ID = 001  number = 22--youtube
ID = 001end: 46--netflix
ID = 001  number = 14--youtube
ID = 001end: 57--youtube
ID = 001  number = 57--youtube
ID = 001end: 46--netflix
ID = 001  number = 5--youtube
ID = 001end: 4--youtube
ID = 001  number = 4--youtube
ID = 001end: 22--youtube
ID = 001  number = 15--youtube
ID = 001end: 14--youtube
ID = 001  number = 33--youtube
ID = 001  number = 21--youtube
ID = 001end: 57--youtube
ID = 001end: 5--youtube
ID = 001  number = 50--youtube
ID = 001end: 4--youtube
ID = 001  number = 59--netflix
ID = 001end: 15--youtube
ID = 001  number = 19--youtube
ID = 001end: 33--youtube
ID = 001  number = 33--netflix
ID = 001end: 21--youtube
ID = 001  number = 52--youtube
ID = 001end: 50--youtube
ID = 001  number = 7--youtube
ID = 001end: 59--netflix
ID = 001  number = 11--youtube
ID = 001end: 19--youtube
ID = 001  number = 9--netflix
ID = 001end: 33--netflix
ID = 001end: 52--youtube
ID = 001  number = 35--netflix
ID = 001  number = 25--netflix
ID = 001end: 7--youtube
ID = 001  number = 7--youtube
ID = 001end: 11--youtube
ID = 001  number = 19--netflix
ID = 001end: 9--netflix
ID = 001end: 35--netflix
ID = 001  number = 39--youtube
ID = 001end: 25--netflix
ID = 001  number = 23--youtube
ID = 001  number = 56--youtube
ID = 001end: 7--youtube
ID = 001  number = 47--youtube
ID = 001end: 19--netflix
ID = 001  number = 50--youtube
ID = 001end: 39--youtube
ID = 001  number = 21--netflix
ID = 001  number = 37--youtube
ID = 001end: 23--youtube
ID = 001end: 56--youtube
ID = 001  number = 7--youtube
ID = 001end: 47--youtube
ID = 001end: 50--youtube
ID = 001  number = 18--netflix
ID = 001  number = 27--youtube
ID = 172.17.0.3--- 136.5642364025116 seconds ---
ID = 172.17.0.3start time = 1588870594.2140424 seconds ---
ID = 001  number = 12--youtube
ID = 001  number = 4--netflix
ID = 001  number = 4--youtube
ID = 001  number = 1--youtube
ID = 001  number = 45--youtube
ID = 001end: 12--youtube
ID = 001  number = 37--netflix
ID = 001end: 4--netflix
ID = 001  number = 1--netflix
ID = 001end: 4--youtube
ID = 001  number = 2--netflix
ID = 001end: 1--youtube
ID = 001  number = 25--netflix
ID = 001end: 45--youtube
ID = 001  number = 37--youtube
ID = 001  number = 1--youtube
ID = 001end: 37--netflix
ID = 001end: 1--netflix
ID = 001  number = 8--netflix
ID = 001end: 2--netflix
ID = 001  number = 15--netflix
ID = 001end: 25--netflix
ID = 001  number = 15--youtube
ID = 001end: 37--youtube
ID = 001  number = 49--youtube
ID = 001end: 1--youtube
ID = 001  number = 7--youtube
ID = 001  number = 10--youtube
ID = 001end: 8--netflix
ID = 001end: 15--netflix
ID = 172.17.0.3--- 20.606714487075806 seconds ---
ID = 172.17.0.3start time = 1588870913.9044805 seconds ---
ID = 001  number = 3--netflix
ID = 001  number = 3--youtube
ID = 001  number = 3--netflix
ID = 001  number = 3--netflix
ID = 001  number = 11--netflix
ID = 001end: 3--netflix
ID = 001  number = 47--netflix
ID = 001end: 3--youtube
ID = 001  number = 1--netflix
ID = 001end: 3--netflix
ID = 001  number = 1--youtube
ID = 001end: 3--netflix
ID = 001  number = 9--youtube
ID = 001end: 11--netflix
ID = 001  number = 54--netflix
ID = 001end: 47--netflix
ID = 001  number = 59--netflix
ID = 001end: 1--netflix
ID = 001  number = 26--youtube
ID = 001end: 1--youtube
ID = 001  number = 51--youtube
ID = 001end: 9--youtube
ID = 001  number = 19--youtube
ID = 001  number = 36--youtube
ID = 001end: 54--netflix
ID = 001end: 59--netflix
ID = 001  number = 6--youtube
ID = 001end: 26--youtube
ID = 001  number = 12--netflix
ID = 172.17.0.3--- 19.973888874053955 seconds ---
ID = 172.17.0.4start time = 1588871231.7377362 seconds ---
ID = 001  number = 18--youtube
ID = 001  number = 29--netflix
ID = 001  number = 14--youtube
ID = 001  number = 54--youtube
ID = 001  number = 12--youtube
ID = 001end: 18--youtube
ID = 001  number = 8--netflix
ID = 001end: 29--netflix
ID = 001  number = 14--youtube
ID = 001end: 14--youtube
ID = 001  number = 26--youtube
ID = 001end: 54--youtube
ID = 001  number = 41--youtube
ID = 001end: 12--youtube
ID = 001  number = 27--youtube
ID = 001end: 8--netflix
ID = 001  number = 25--netflix
ID = 001end: 14--youtube
ID = 001  number = 18--netflix
ID = 001end: 26--youtube
ID = 001  number = 57--netflix
ID = 001end: 41--youtube
ID = 001  number = 9--youtube
ID = 001end: 27--youtube
ID = 001  number = 56--youtube
ID = 001end: 25--netflix
ID = 001  number = 36--youtube
ID = 001end: 18--netflix
ID = 001  number = 4--youtube
ID = 001end: 57--netflix
ID = 001  number = 5--youtube
ID = 001end: 9--youtube
ID = 001  number = 24--youtube
ID = 001end: 56--youtube
ID = 001  number = 27--youtube
ID = 001end: 36--youtube
ID = 001  number = 6--youtube
ID = 001end: 4--youtube
ID = 001  number = 18--netflix
ID = 001end: 5--youtube
ID = 001  number = 49--youtube
ID = 001end: 24--youtube
ID = 001  number = 4--youtube
ID = 001end: 27--youtube
ID = 001  number = 49--youtube
ID = 001  number = 3--youtube
ID = 001end: 6--youtube
ID = 001end: 18--netflix
ID = 001  number = 46--youtube
ID = 001end: 49--youtube
ID = 001  number = 46--netflix
ID = 001end: 4--youtube
ID = 001  number = 13--youtube
ID = 001end: 49--youtube
ID = 001  number = 28--youtube
ID = 001end: 3--youtube
ID = 001  number = 14--youtube
ID = 001  number = 11--netflix
ID = 001end: 46--youtube
ID = 001end: 46--netflix
ID = 001  number = 51--youtube
ID = 001end: 13--youtube
ID = 001  number = 29--youtube
ID = 001end: 28--youtube
ID = 001  number = 36--youtube
ID = 001end: 14--youtube
ID = 001  number = 2--youtube
ID = 001end: 11--netflix
ID = 001  number = 54--youtube
ID = 001end: 51--youtube
ID = 001  number = 30--youtube
ID = 001  number = 53--netflix
ID = 001end: 29--youtube
ID = 001end: 36--youtube
ID = 001  number = 7--youtube
ID = 001end: 2--youtube
ID = 001  number = 4--youtube
ID = 001end: 54--youtube
ID = 001  number = 11--youtube
ID = 001end: 30--youtube
ID = 001  number = 47--youtube
ID = 001end: 53--netflix
ID = 001  number = 3--youtube
ID = 001end: 7--youtube
ID = 001  number = 50--youtube
ID = 001  number = 57--youtube
ID = 001end: 4--youtube
ID = 001end: 11--youtube
ID = 001end: 47--youtube
ID = 001  number = 2--youtube
ID = 001  number = 11--youtube
ID = 001end: 3--youtube
ID = 001  number = 20--netflix
ID = 001  number = 53--youtube
ID = 001end: 50--youtube
ID = 001end: 57--youtube
ID = 001  number = 57--youtube
ID = 001  number = 59--netflix
ID = 001end: 2--youtube
ID = 001end: 11--youtube
ID = 001  number = 42--youtube
ID = 001end: 20--netflix
ID = 001  number = 38--netflix
ID = 001end: 53--youtube
ID = 001  number = 58--youtube
ID = 001end: 57--youtube
ID = 001  number = 18--youtube
ID = 001  number = 24--netflix
ID = 001end: 59--netflix
ID = 001end: 42--youtube
ID = 001  number = 36--youtube
ID = 001end: 38--netflix
ID = 001  number = 46--netflix
ID = 001end: 58--youtube
ID = 001  number = 9--netflix
ID = 001end: 18--youtube
ID = 001  number = 42--youtube
ID = 001end: 24--netflix
ID = 001  number = 10--youtube
ID = 001end: 36--youtube
ID = 001  number = 25--youtube
ID = 001end: 46--netflix
ID = 001  number = 53--netflix
ID = 001end: 9--netflix
ID = 001  number = 27--netflix
ID = 001end: 42--youtube
ID = 001  number = 36--youtube
ID = 172.17.0.4--- 77.10702013969421 seconds ---
ID = 172.17.0.4start time = 1588881448.6072261 seconds ---
ID = 001  number = 19--youtube
ID = 001  number = 13--netflix
ID = 001  number = 1--netflix
ID = 001  number = 58--netflix
ID = 001  number = 4--youtube
ID = 001end: 19--youtube
ID = 001  number = 2--youtube
ID = 001end: 13--netflix
ID = 001  number = 9--youtube
ID = 001end: 1--netflix
ID = 001  number = 15--netflix
ID = 001end: 58--netflix
ID = 001  number = 17--youtube
ID = 001end: 4--youtube
ID = 001end: 2--youtube
ID = 001  number = 1--netflix
ID = 001  number = 40--youtube
ID = 001end: 9--youtube
ID = 001  number = 6--netflix
ID = 001end: 15--netflix
ID = 001  number = 57--youtube
ID = 001end: 17--youtube
ID = 001  number = 22--netflix
ID = 001  number = 55--youtube
ID = 001end: 1--netflix
ID = 001end: 40--youtube
ID = 001  number = 28--youtube
ID = 001end: 6--netflix
ID = 001end: 57--youtube
ID = 001  number = 33--youtube
ID = 001  number = 46--netflix
ID = 001end: 22--netflix
ID = 001  number = 1--netflix
ID = 001  number = 52--youtube
ID = 001end: 55--youtube
ID = 001  number = 4--youtube
ID = 001end: 28--youtube
ID = 001end: 33--youtube
ID = 001end: 46--netflix
ID = 001  number = 6--netflix
ID = 001  number = 58--youtube
ID = 001end: 1--netflix
ID = 001end: 52--youtube
ID = 001  number = 60--youtube
ID = 001  number = 13--youtube
ID = 001end: 4--youtube
ID = 001  number = 15--netflix
ID = 001end: 6--netflix
ID = 001  number = 16--netflix
ID = 001end: 58--youtube
ID = 001end: 60--youtube
ID = 001  number = 2--youtube
ID = 001  number = 24--youtube
ID = 001end: 13--youtube
ID = 001  number = 14--youtube
ID = 001end: 15--netflix
ID = 001  number = 47--netflix
ID = 001end: 16--netflix
ID = 001  number = 12--youtube
ID = 001end: 2--youtube
ID = 001  number = 46--netflix
ID = 001end: 24--youtube
ID = 001  number = 42--netflix
ID = 001end: 14--youtube
ID = 001  number = 27--youtube
ID = 001end: 47--netflix
ID = 001  number = 1--youtube
ID = 001end: 12--youtube
ID = 001  number = 4--youtube
ID = 001end: 46--netflix
ID = 001  number = 9--youtube
ID = 001end: 42--netflix
ID = 001  number = 20--netflix
ID = 001end: 27--youtube
ID = 001  number = 59--youtube
ID = 001end: 1--youtube
ID = 001  number = 1--youtube
ID = 001end: 4--youtube
ID = 001  number = 56--youtube
ID = 001end: 9--youtube
ID = 001  number = 11--youtube
ID = 001end: 20--netflix
ID = 001  number = 2--youtube
ID = 001end: 59--youtube
ID = 001  number = 13--netflix
ID = 001end: 1--youtube
ID = 001  number = 11--netflix
ID = 001end: 56--youtube
ID = 001  number = 19--youtube
ID = 001end: 11--youtube
ID = 001  number = 27--youtube
ID = 001end: 2--youtube
ID = 001  number = 16--youtube
ID = 001end: 13--netflix
ID = 001  number = 12--youtube
ID = 001end: 11--netflix
ID = 001  number = 2--netflix
ID = 001end: 19--youtube
ID = 001end: 27--youtube
ID = 001  number = 27--youtube
ID = 001  number = 11--netflix
ID = 001end: 16--youtube
ID = 001  number = 39--netflix
ID = 001end: 12--youtube
ID = 001  number = 2--youtube
ID = 001end: 2--netflix
ID = 001  number = 8--youtube
ID = 001end: 27--youtube
ID = 001  number = 36--youtube
ID = 001end: 11--netflix
ID = 001end: 39--netflix
ID = 001  number = 24--youtube
ID = 001  number = 40--youtube
ID = 001end: 2--youtube
ID = 001  number = 3--youtube
ID = 001end: 8--youtube
ID = 001  number = 38--netflix
ID = 001end: 36--youtube
ID = 001  number = 26--netflix
ID = 001end: 24--youtube
ID = 001  number = 11--youtube
ID = 001end: 40--youtube
ID = 001  number = 46--youtube
ID = 001end: 3--youtube
ID = 001  number = 4--youtube
ID = 001end: 38--netflix
ID = 001  number = 33--netflix
ID = 001end: 26--netflix
ID = 001  number = 49--netflix
ID = 001end: 11--youtube
ID = 001  number = 46--youtube
ID = 001end: 46--youtube
ID = 001  number = 22--netflix
ID = 001end: 4--youtube
ID = 001  number = 34--netflix
ID = 001end: 33--netflix
ID = 001  number = 21--netflix
ID = 001end: 49--netflix
ID = 001  number = 46--netflix
ID = 001end: 46--youtube
ID = 001  number = 60--youtube
ID = 001end: 22--netflix
ID = 001  number = 19--youtube
ID = 001end: 34--netflix
ID = 001  number = 5--netflix
ID = 001end: 21--netflix
ID = 001  number = 1--youtube
ID = 001end: 46--netflix
ID = 001  number = 34--netflix
ID = 001end: 60--youtube
ID = 001  number = 16--netflix
ID = 001end: 19--youtube
ID = 172.17.0.4--- 85.04892802238464 seconds ---
